This file contains any messages produced by compilers while
running configure, to aid debugging if configure makes a mistake.

It was created by sqlite configure 3.44.0, which was
generated by GNU Autoconf 2.69.  Invocation command line was

  $ ./configure --disable-tcl --enable-shared --enable-tempstore=always --prefix=/usr/local

## --------- ##
## Platform. ##
## --------- ##

hostname = nguyenngocanhs-MacBook-Pro.local
uname -m = arm64
uname -r = 22.6.0
uname -s = Darwin
uname -v = Darwin Kernel Version 22.6.0: Wed Jul  5 22:22:52 PDT 2023; root:xnu-8796.141.3~6/RELEASE_ARM64_T8103

/usr/bin/uname -p = arm
/bin/uname -X     = unknown

/bin/arch              = unknown
/usr/bin/arch -k       = unknown
/usr/convex/getsysinfo = unknown
/usr/bin/hostinfo      = Mach kernel version:
	 Darwin Kernel Version 22.6.0: Wed Jul  5 22:22:52 PDT 2023; root:xnu-8796.141.3~6/RELEASE_ARM64_T8103
Kernel configured for up to 8 processors.
8 processors are physically available.
8 processors are logically available.
Processor type: arm64e (ARM64E)
Processors active: 0 1 2 3 4 5 6 7
Primary memory available: 8.00 gigabytes
Default processor set: 409 tasks, 2344 threads, 8 processors
Load average: 5.57, Mach factor: 3.70
/bin/machine           = unknown
/usr/bin/oslevel       = unknown
/bin/universe          = unknown

PATH: /Users/nguyenngocanh/opt/anaconda3/envs/test/bin
PATH: /Users/nguyenngocanh/opt/anaconda3/condabin
PATH: /Users/Users/nguyenngocanh/Library/Android/sdk/platform-tools
PATH: /Library/Frameworks/Python.framework/Versions/3.10/bin
PATH: /opt/homebrew/bin
PATH: /opt/homebrew/sbin
PATH: /usr/local/bin
PATH: /System/Cryptexes/App/usr/bin
PATH: /usr/bin
PATH: /bin
PATH: /usr/sbin
PATH: /sbin
PATH: /var/run/com.apple.security.cryptexd/codex.system/bootstrap/usr/local/bin
PATH: /var/run/com.apple.security.cryptexd/codex.system/bootstrap/usr/bin
PATH: /var/run/com.apple.security.cryptexd/codex.system/bootstrap/usr/appleinternal/bin
PATH: /home/newt/.local/bin/activate
PATH: /home/newt/.local/bin/


## ----------- ##
## Core tests. ##
## ----------- ##

configure:2452: WARNING: Libtool does not cope well with whitespace in `pwd`
configure:2508: checking build system type
configure:2522: result: arm-apple-darwin22.6.0
configure:2542: checking host system type
configure:2555: result: arm-apple-darwin22.6.0
configure:2623: checking for gcc
configure:2639: found /usr/bin/gcc
configure:2650: result: gcc
configure:2879: checking for C compiler version
configure:2888: gcc --version >&5
Apple clang version 14.0.3 (clang-1403.0.22.14.1)
Target: arm64-apple-darwin22.6.0
Thread model: posix
InstalledDir: /Library/Developer/CommandLineTools/usr/bin
configure:2899: $? = 0
configure:2888: gcc -v >&5
Apple clang version 14.0.3 (clang-1403.0.22.14.1)
Target: arm64-apple-darwin22.6.0
Thread model: posix
InstalledDir: /Library/Developer/CommandLineTools/usr/bin
configure:2899: $? = 0
configure:2888: gcc -V >&5
clang: error: argument to '-V' is missing (expected 1 value)
clang: error: no input files
configure:2899: $? = 1
configure:2888: gcc -qversion >&5
clang: error: unknown argument '-qversion'; did you mean '--version'?
clang: error: no input files
configure:2899: $? = 1
configure:2919: checking whether the C compiler works
configure:2941: gcc -DSQLITE_ENABLE_FTS3     -DSQLITE_ENABLE_FTS3_PARENTHESIS     -DSQLITE_ENABLE_FTS4     -DSQLITE_ENABLE_FTS5     -DSQLITE_ENABLE_JSON1     -DSQLITE_ENABLE_LOAD_EXTENSION     -DSQLITE_ENABLE_RTREE     -DSQLITE_ENABLE_STAT4     -DSQLITE_ENABLE_UPDATE_DELETE_LIMIT     -DSQLITE_SOUNDEX     -DSQLITE_TEMP_STORE=3     -DSQLITE_USE_URI     -O2     -fPIC   conftest.c -lm >&5
configure:2945: $? = 0
configure:2993: result: yes
configure:2996: checking for C compiler default output file name
configure:2998: result: a.out
configure:3004: checking for suffix of executables
configure:3011: gcc -o conftest -DSQLITE_ENABLE_FTS3     -DSQLITE_ENABLE_FTS3_PARENTHESIS     -DSQLITE_ENABLE_FTS4     -DSQLITE_ENABLE_FTS5     -DSQLITE_ENABLE_JSON1     -DSQLITE_ENABLE_LOAD_EXTENSION     -DSQLITE_ENABLE_RTREE     -DSQLITE_ENABLE_STAT4     -DSQLITE_ENABLE_UPDATE_DELETE_LIMIT     -DSQLITE_SOUNDEX     -DSQLITE_TEMP_STORE=3     -DSQLITE_USE_URI     -O2     -fPIC   conftest.c -lm >&5
configure:3015: $? = 0
configure:3037: result: 
configure:3059: checking whether we are cross compiling
configure:3067: gcc -o conftest -DSQLITE_ENABLE_FTS3     -DSQLITE_ENABLE_FTS3_PARENTHESIS     -DSQLITE_ENABLE_FTS4     -DSQLITE_ENABLE_FTS5     -DSQLITE_ENABLE_JSON1     -DSQLITE_ENABLE_LOAD_EXTENSION     -DSQLITE_ENABLE_RTREE     -DSQLITE_ENABLE_STAT4     -DSQLITE_ENABLE_UPDATE_DELETE_LIMIT     -DSQLITE_SOUNDEX     -DSQLITE_TEMP_STORE=3     -DSQLITE_USE_URI     -O2     -fPIC   conftest.c -lm >&5
configure:3071: $? = 0
configure:3078: ./conftest
configure:3082: $? = 0
configure:3097: result: no
configure:3102: checking for suffix of object files
configure:3124: gcc -c -DSQLITE_ENABLE_FTS3     -DSQLITE_ENABLE_FTS3_PARENTHESIS     -DSQLITE_ENABLE_FTS4     -DSQLITE_ENABLE_FTS5     -DSQLITE_ENABLE_JSON1     -DSQLITE_ENABLE_LOAD_EXTENSION     -DSQLITE_ENABLE_RTREE     -DSQLITE_ENABLE_STAT4     -DSQLITE_ENABLE_UPDATE_DELETE_LIMIT     -DSQLITE_SOUNDEX     -DSQLITE_TEMP_STORE=3     -DSQLITE_USE_URI     -O2     -fPIC  conftest.c >&5
configure:3128: $? = 0
configure:3149: result: o
configure:3153: checking whether we are using the GNU C compiler
configure:3172: gcc -c -DSQLITE_ENABLE_FTS3     -DSQLITE_ENABLE_FTS3_PARENTHESIS     -DSQLITE_ENABLE_FTS4     -DSQLITE_ENABLE_FTS5     -DSQLITE_ENABLE_JSON1     -DSQLITE_ENABLE_LOAD_EXTENSION     -DSQLITE_ENABLE_RTREE     -DSQLITE_ENABLE_STAT4     -DSQLITE_ENABLE_UPDATE_DELETE_LIMIT     -DSQLITE_SOUNDEX     -DSQLITE_TEMP_STORE=3     -DSQLITE_USE_URI     -O2     -fPIC  conftest.c >&5
configure:3172: $? = 0
configure:3181: result: yes
configure:3190: checking whether gcc accepts -g
configure:3210: gcc -c -g  conftest.c >&5
configure:3210: $? = 0
configure:3251: result: yes
configure:3268: checking for gcc option to accept ISO C89
configure:3331: gcc  -c -DSQLITE_ENABLE_FTS3     -DSQLITE_ENABLE_FTS3_PARENTHESIS     -DSQLITE_ENABLE_FTS4     -DSQLITE_ENABLE_FTS5     -DSQLITE_ENABLE_JSON1     -DSQLITE_ENABLE_LOAD_EXTENSION     -DSQLITE_ENABLE_RTREE     -DSQLITE_ENABLE_STAT4     -DSQLITE_ENABLE_UPDATE_DELETE_LIMIT     -DSQLITE_SOUNDEX     -DSQLITE_TEMP_STORE=3     -DSQLITE_USE_URI     -O2     -fPIC  conftest.c >&5
conftest.c:15:14: warning: a function declaration without a prototype is deprecated in all versions of C and is not supported in C2x [-Wdeprecated-non-prototype]
static char *e (p, i)
             ^
1 warning generated.
configure:3331: $? = 0
configure:3344: result: none needed
configure:3364: checking for a sed that does not truncate output
configure:3428: result: /usr/bin/sed
configure:3446: checking for grep that handles long lines and -e
configure:3504: result: /usr/bin/grep
configure:3509: checking for egrep
configure:3571: result: /usr/bin/grep -E
configure:3576: checking for fgrep
configure:3638: result: /usr/bin/grep -F
configure:3673: checking for ld used by gcc
configure:3740: result: /Library/Developer/CommandLineTools/usr/bin/ld
configure:3747: checking if the linker (/Library/Developer/CommandLineTools/usr/bin/ld) is GNU ld
configure:3762: result: no
configure:3774: checking for BSD- or MS-compatible name lister (nm)
configure:3823: result: /usr/bin/nm -B
configure:3941: checking the name lister (/usr/bin/nm -B) interface
configure:3948: gcc -c -DSQLITE_ENABLE_FTS3     -DSQLITE_ENABLE_FTS3_PARENTHESIS     -DSQLITE_ENABLE_FTS4     -DSQLITE_ENABLE_FTS5     -DSQLITE_ENABLE_JSON1     -DSQLITE_ENABLE_LOAD_EXTENSION     -DSQLITE_ENABLE_RTREE     -DSQLITE_ENABLE_STAT4     -DSQLITE_ENABLE_UPDATE_DELETE_LIMIT     -DSQLITE_SOUNDEX     -DSQLITE_TEMP_STORE=3     -DSQLITE_USE_URI     -O2     -fPIC  conftest.c >&5
configure:3951: /usr/bin/nm -B "conftest.o"
configure:3954: output
0000000000000000 S _some_variable
0000000000000000 t ltmp0
0000000000000000 s ltmp1
configure:3961: result: BSD nm
configure:3964: checking whether ln -s works
configure:3968: result: yes
configure:3976: checking the maximum length of command line arguments
configure:4096: result: 786432
configure:4113: checking whether the shell understands some XSI constructs
configure:4123: result: yes
configure:4127: checking whether the shell understands "+="
configure:4133: result: yes
configure:4168: checking for /Library/Developer/CommandLineTools/usr/bin/ld option to reload object files
configure:4175: result: -r
configure:4244: checking for objdump
configure:4260: found /usr/bin/objdump
configure:4271: result: objdump
configure:4303: checking how to recognize dependent libraries
configure:4499: result: pass_all
configure:4559: checking for ar
configure:4575: found /usr/bin/ar
configure:4586: result: ar
configure:4664: checking for strip
configure:4680: found /usr/bin/strip
configure:4691: result: strip
configure:4763: checking for ranlib
configure:4779: found /usr/bin/ranlib
configure:4790: result: ranlib
configure:4880: checking command to parse /usr/bin/nm -B output from gcc object
configure:4998: gcc -c -DSQLITE_ENABLE_FTS3     -DSQLITE_ENABLE_FTS3_PARENTHESIS     -DSQLITE_ENABLE_FTS4     -DSQLITE_ENABLE_FTS5     -DSQLITE_ENABLE_JSON1     -DSQLITE_ENABLE_LOAD_EXTENSION     -DSQLITE_ENABLE_RTREE     -DSQLITE_ENABLE_STAT4     -DSQLITE_ENABLE_UPDATE_DELETE_LIMIT     -DSQLITE_SOUNDEX     -DSQLITE_TEMP_STORE=3     -DSQLITE_USE_URI     -O2     -fPIC  conftest.c >&5
configure:5001: $? = 0
configure:5005: /usr/bin/nm -B conftest.o \| sed -n -e 's/^.*[	 ]\([ABCDGIRSTW][ABCDGIRSTW]*\)[	 ][	 ]*\([_A-Za-z][_A-Za-z0-9]*\)$/\1 \2 \2/p' \> conftest.nm
configure:5008: $? = 0
cannot find nm_test_var in conftest.nm
configure:4998: gcc -c -DSQLITE_ENABLE_FTS3     -DSQLITE_ENABLE_FTS3_PARENTHESIS     -DSQLITE_ENABLE_FTS4     -DSQLITE_ENABLE_FTS5     -DSQLITE_ENABLE_JSON1     -DSQLITE_ENABLE_LOAD_EXTENSION     -DSQLITE_ENABLE_RTREE     -DSQLITE_ENABLE_STAT4     -DSQLITE_ENABLE_UPDATE_DELETE_LIMIT     -DSQLITE_SOUNDEX     -DSQLITE_TEMP_STORE=3     -DSQLITE_USE_URI     -O2     -fPIC  conftest.c >&5
configure:5001: $? = 0
configure:5005: /usr/bin/nm -B conftest.o \| sed -n -e 's/^.*[	 ]\([ABCDGIRSTW][ABCDGIRSTW]*\)[	 ][	 ]*_\([_A-Za-z][_A-Za-z0-9]*\)$/\1 _\2 \2/p' \> conftest.nm
configure:5008: $? = 0
configure:5062: gcc -o conftest -DSQLITE_ENABLE_FTS3     -DSQLITE_ENABLE_FTS3_PARENTHESIS     -DSQLITE_ENABLE_FTS4     -DSQLITE_ENABLE_FTS5     -DSQLITE_ENABLE_JSON1     -DSQLITE_ENABLE_LOAD_EXTENSION     -DSQLITE_ENABLE_RTREE     -DSQLITE_ENABLE_STAT4     -DSQLITE_ENABLE_UPDATE_DELETE_LIMIT     -DSQLITE_SOUNDEX     -DSQLITE_TEMP_STORE=3     -DSQLITE_USE_URI     -O2     -fPIC   conftest.c conftstm.o >&5
configure:5065: $? = 0
configure:5103: result: ok
configure:5368: checking for dsymutil
configure:5384: found /usr/bin/dsymutil
configure:5395: result: dsymutil
configure:5460: checking for nmedit
configure:5476: found /usr/bin/nmedit
configure:5487: result: nmedit
configure:5552: checking for lipo
configure:5568: found /usr/bin/lipo
configure:5579: result: lipo
configure:5644: checking for otool
configure:5660: found /usr/bin/otool
configure:5671: result: otool
configure:5736: checking for otool64
configure:5766: result: no
configure:5811: checking for -single_module linker flag
gcc -DSQLITE_ENABLE_FTS3     -DSQLITE_ENABLE_FTS3_PARENTHESIS     -DSQLITE_ENABLE_FTS4     -DSQLITE_ENABLE_FTS5     -DSQLITE_ENABLE_JSON1     -DSQLITE_ENABLE_LOAD_EXTENSION     -DSQLITE_ENABLE_RTREE     -DSQLITE_ENABLE_STAT4     -DSQLITE_ENABLE_UPDATE_DELETE_LIMIT     -DSQLITE_SOUNDEX     -DSQLITE_TEMP_STORE=3     -DSQLITE_USE_URI     -O2     -fPIC  -o libconftest.dylib -dynamiclib -Wl,-single_module conftest.c
configure:5838: result: yes
configure:5840: checking for -exported_symbols_list linker flag
configure:5860: gcc -o conftest -DSQLITE_ENABLE_FTS3     -DSQLITE_ENABLE_FTS3_PARENTHESIS     -DSQLITE_ENABLE_FTS4     -DSQLITE_ENABLE_FTS5     -DSQLITE_ENABLE_JSON1     -DSQLITE_ENABLE_LOAD_EXTENSION     -DSQLITE_ENABLE_RTREE     -DSQLITE_ENABLE_STAT4     -DSQLITE_ENABLE_UPDATE_DELETE_LIMIT     -DSQLITE_SOUNDEX     -DSQLITE_TEMP_STORE=3     -DSQLITE_USE_URI     -O2     -fPIC   -Wl,-exported_symbols_list,conftest.sym conftest.c -lm >&5
configure:5860: $? = 0
configure:5870: result: yes
configure:5912: checking how to run the C preprocessor
configure:5943: gcc -E  conftest.c
configure:5943: $? = 0
configure:5957: gcc -E  conftest.c
conftest.c:9:10: fatal error: 'ac_nonexistent.h' file not found
#include <ac_nonexistent.h>
         ^~~~~~~~~~~~~~~~~~
1 error generated.
configure:5957: $? = 1
configure: failed program was:
| /* confdefs.h */
| #define PACKAGE_NAME "sqlite"
| #define PACKAGE_TARNAME "sqlite"
| #define PACKAGE_VERSION "3.44.0"
| #define PACKAGE_STRING "sqlite 3.44.0"
| #define PACKAGE_BUGREPORT ""
| #define PACKAGE_URL ""
| /* end confdefs.h.  */
| #include <ac_nonexistent.h>
configure:5982: result: gcc -E
configure:6002: gcc -E  conftest.c
configure:6002: $? = 0
configure:6016: gcc -E  conftest.c
conftest.c:9:10: fatal error: 'ac_nonexistent.h' file not found
#include <ac_nonexistent.h>
         ^~~~~~~~~~~~~~~~~~
1 error generated.
configure:6016: $? = 1
configure: failed program was:
| /* confdefs.h */
| #define PACKAGE_NAME "sqlite"
| #define PACKAGE_TARNAME "sqlite"
| #define PACKAGE_VERSION "3.44.0"
| #define PACKAGE_STRING "sqlite 3.44.0"
| #define PACKAGE_BUGREPORT ""
| #define PACKAGE_URL ""
| /* end confdefs.h.  */
| #include <ac_nonexistent.h>
configure:6045: checking for ANSI C header files
configure:6065: gcc -c -DSQLITE_ENABLE_FTS3     -DSQLITE_ENABLE_FTS3_PARENTHESIS     -DSQLITE_ENABLE_FTS4     -DSQLITE_ENABLE_FTS5     -DSQLITE_ENABLE_JSON1     -DSQLITE_ENABLE_LOAD_EXTENSION     -DSQLITE_ENABLE_RTREE     -DSQLITE_ENABLE_STAT4     -DSQLITE_ENABLE_UPDATE_DELETE_LIMIT     -DSQLITE_SOUNDEX     -DSQLITE_TEMP_STORE=3     -DSQLITE_USE_URI     -O2     -fPIC  conftest.c >&5
configure:6065: $? = 0
configure:6138: gcc -o conftest -DSQLITE_ENABLE_FTS3     -DSQLITE_ENABLE_FTS3_PARENTHESIS     -DSQLITE_ENABLE_FTS4     -DSQLITE_ENABLE_FTS5     -DSQLITE_ENABLE_JSON1     -DSQLITE_ENABLE_LOAD_EXTENSION     -DSQLITE_ENABLE_RTREE     -DSQLITE_ENABLE_STAT4     -DSQLITE_ENABLE_UPDATE_DELETE_LIMIT     -DSQLITE_SOUNDEX     -DSQLITE_TEMP_STORE=3     -DSQLITE_USE_URI     -O2     -fPIC   conftest.c -lm >&5
configure:6138: $? = 0
configure:6138: ./conftest
configure:6138: $? = 0
configure:6149: result: yes
configure:6162: checking for sys/types.h
configure:6162: gcc -c -DSQLITE_ENABLE_FTS3     -DSQLITE_ENABLE_FTS3_PARENTHESIS     -DSQLITE_ENABLE_FTS4     -DSQLITE_ENABLE_FTS5     -DSQLITE_ENABLE_JSON1     -DSQLITE_ENABLE_LOAD_EXTENSION     -DSQLITE_ENABLE_RTREE     -DSQLITE_ENABLE_STAT4     -DSQLITE_ENABLE_UPDATE_DELETE_LIMIT     -DSQLITE_SOUNDEX     -DSQLITE_TEMP_STORE=3     -DSQLITE_USE_URI     -O2     -fPIC  conftest.c >&5
configure:6162: $? = 0
configure:6162: result: yes
configure:6162: checking for sys/stat.h
configure:6162: gcc -c -DSQLITE_ENABLE_FTS3     -DSQLITE_ENABLE_FTS3_PARENTHESIS     -DSQLITE_ENABLE_FTS4     -DSQLITE_ENABLE_FTS5     -DSQLITE_ENABLE_JSON1     -DSQLITE_ENABLE_LOAD_EXTENSION     -DSQLITE_ENABLE_RTREE     -DSQLITE_ENABLE_STAT4     -DSQLITE_ENABLE_UPDATE_DELETE_LIMIT     -DSQLITE_SOUNDEX     -DSQLITE_TEMP_STORE=3     -DSQLITE_USE_URI     -O2     -fPIC  conftest.c >&5
configure:6162: $? = 0
configure:6162: result: yes
configure:6162: checking for stdlib.h
configure:6162: gcc -c -DSQLITE_ENABLE_FTS3     -DSQLITE_ENABLE_FTS3_PARENTHESIS     -DSQLITE_ENABLE_FTS4     -DSQLITE_ENABLE_FTS5     -DSQLITE_ENABLE_JSON1     -DSQLITE_ENABLE_LOAD_EXTENSION     -DSQLITE_ENABLE_RTREE     -DSQLITE_ENABLE_STAT4     -DSQLITE_ENABLE_UPDATE_DELETE_LIMIT     -DSQLITE_SOUNDEX     -DSQLITE_TEMP_STORE=3     -DSQLITE_USE_URI     -O2     -fPIC  conftest.c >&5
configure:6162: $? = 0
configure:6162: result: yes
configure:6162: checking for string.h
configure:6162: gcc -c -DSQLITE_ENABLE_FTS3     -DSQLITE_ENABLE_FTS3_PARENTHESIS     -DSQLITE_ENABLE_FTS4     -DSQLITE_ENABLE_FTS5     -DSQLITE_ENABLE_JSON1     -DSQLITE_ENABLE_LOAD_EXTENSION     -DSQLITE_ENABLE_RTREE     -DSQLITE_ENABLE_STAT4     -DSQLITE_ENABLE_UPDATE_DELETE_LIMIT     -DSQLITE_SOUNDEX     -DSQLITE_TEMP_STORE=3     -DSQLITE_USE_URI     -O2     -fPIC  conftest.c >&5
configure:6162: $? = 0
configure:6162: result: yes
configure:6162: checking for memory.h
configure:6162: gcc -c -DSQLITE_ENABLE_FTS3     -DSQLITE_ENABLE_FTS3_PARENTHESIS     -DSQLITE_ENABLE_FTS4     -DSQLITE_ENABLE_FTS5     -DSQLITE_ENABLE_JSON1     -DSQLITE_ENABLE_LOAD_EXTENSION     -DSQLITE_ENABLE_RTREE     -DSQLITE_ENABLE_STAT4     -DSQLITE_ENABLE_UPDATE_DELETE_LIMIT     -DSQLITE_SOUNDEX     -DSQLITE_TEMP_STORE=3     -DSQLITE_USE_URI     -O2     -fPIC  conftest.c >&5
configure:6162: $? = 0
configure:6162: result: yes
configure:6162: checking for strings.h
configure:6162: gcc -c -DSQLITE_ENABLE_FTS3     -DSQLITE_ENABLE_FTS3_PARENTHESIS     -DSQLITE_ENABLE_FTS4     -DSQLITE_ENABLE_FTS5     -DSQLITE_ENABLE_JSON1     -DSQLITE_ENABLE_LOAD_EXTENSION     -DSQLITE_ENABLE_RTREE     -DSQLITE_ENABLE_STAT4     -DSQLITE_ENABLE_UPDATE_DELETE_LIMIT     -DSQLITE_SOUNDEX     -DSQLITE_TEMP_STORE=3     -DSQLITE_USE_URI     -O2     -fPIC  conftest.c >&5
configure:6162: $? = 0
configure:6162: result: yes
configure:6162: checking for inttypes.h
configure:6162: gcc -c -DSQLITE_ENABLE_FTS3     -DSQLITE_ENABLE_FTS3_PARENTHESIS     -DSQLITE_ENABLE_FTS4     -DSQLITE_ENABLE_FTS5     -DSQLITE_ENABLE_JSON1     -DSQLITE_ENABLE_LOAD_EXTENSION     -DSQLITE_ENABLE_RTREE     -DSQLITE_ENABLE_STAT4     -DSQLITE_ENABLE_UPDATE_DELETE_LIMIT     -DSQLITE_SOUNDEX     -DSQLITE_TEMP_STORE=3     -DSQLITE_USE_URI     -O2     -fPIC  conftest.c >&5
configure:6162: $? = 0
configure:6162: result: yes
configure:6162: checking for stdint.h
configure:6162: gcc -c -DSQLITE_ENABLE_FTS3     -DSQLITE_ENABLE_FTS3_PARENTHESIS     -DSQLITE_ENABLE_FTS4     -DSQLITE_ENABLE_FTS5     -DSQLITE_ENABLE_JSON1     -DSQLITE_ENABLE_LOAD_EXTENSION     -DSQLITE_ENABLE_RTREE     -DSQLITE_ENABLE_STAT4     -DSQLITE_ENABLE_UPDATE_DELETE_LIMIT     -DSQLITE_SOUNDEX     -DSQLITE_TEMP_STORE=3     -DSQLITE_USE_URI     -O2     -fPIC  conftest.c >&5
configure:6162: $? = 0
configure:6162: result: yes
configure:6162: checking for unistd.h
configure:6162: gcc -c -DSQLITE_ENABLE_FTS3     -DSQLITE_ENABLE_FTS3_PARENTHESIS     -DSQLITE_ENABLE_FTS4     -DSQLITE_ENABLE_FTS5     -DSQLITE_ENABLE_JSON1     -DSQLITE_ENABLE_LOAD_EXTENSION     -DSQLITE_ENABLE_RTREE     -DSQLITE_ENABLE_STAT4     -DSQLITE_ENABLE_UPDATE_DELETE_LIMIT     -DSQLITE_SOUNDEX     -DSQLITE_TEMP_STORE=3     -DSQLITE_USE_URI     -O2     -fPIC  conftest.c >&5
configure:6162: $? = 0
configure:6162: result: yes
configure:6176: checking for dlfcn.h
configure:6176: gcc -c -DSQLITE_ENABLE_FTS3     -DSQLITE_ENABLE_FTS3_PARENTHESIS     -DSQLITE_ENABLE_FTS4     -DSQLITE_ENABLE_FTS5     -DSQLITE_ENABLE_JSON1     -DSQLITE_ENABLE_LOAD_EXTENSION     -DSQLITE_ENABLE_RTREE     -DSQLITE_ENABLE_STAT4     -DSQLITE_ENABLE_UPDATE_DELETE_LIMIT     -DSQLITE_SOUNDEX     -DSQLITE_TEMP_STORE=3     -DSQLITE_USE_URI     -O2     -fPIC  conftest.c >&5
configure:6176: $? = 0
configure:6176: result: yes
configure:6360: checking for objdir
configure:6375: result: .libs
configure:6667: checking if gcc supports -fno-rtti -fno-exceptions
configure:6685: gcc -c -DSQLITE_ENABLE_FTS3     -DSQLITE_ENABLE_FTS3_PARENTHESIS     -DSQLITE_ENABLE_FTS4     -DSQLITE_ENABLE_FTS5     -DSQLITE_ENABLE_JSON1     -DSQLITE_ENABLE_LOAD_EXTENSION     -DSQLITE_ENABLE_RTREE     -DSQLITE_ENABLE_STAT4     -DSQLITE_ENABLE_UPDATE_DELETE_LIMIT     -DSQLITE_SOUNDEX     -DSQLITE_TEMP_STORE=3     -DSQLITE_USE_URI     -O2     -fPIC  -fno-rtti -fno-exceptions conftest.c >&5
configure:6689: $? = 0
configure:6702: result: yes
configure:6722: checking for gcc option to produce PIC
configure:6994: result: -fno-common -DPIC
configure:7006: checking if gcc PIC flag -fno-common -DPIC works
configure:7024: gcc -c -DSQLITE_ENABLE_FTS3     -DSQLITE_ENABLE_FTS3_PARENTHESIS     -DSQLITE_ENABLE_FTS4     -DSQLITE_ENABLE_FTS5     -DSQLITE_ENABLE_JSON1     -DSQLITE_ENABLE_LOAD_EXTENSION     -DSQLITE_ENABLE_RTREE     -DSQLITE_ENABLE_STAT4     -DSQLITE_ENABLE_UPDATE_DELETE_LIMIT     -DSQLITE_SOUNDEX     -DSQLITE_TEMP_STORE=3     -DSQLITE_USE_URI     -O2     -fPIC  -fno-common -DPIC -DPIC conftest.c >&5
configure:7028: $? = 0
configure:7041: result: yes
configure:7065: checking if gcc static flag -static works
configure:7093: result: no
configure:7108: checking if gcc supports -c -o file.o
configure:7129: gcc -c -DSQLITE_ENABLE_FTS3     -DSQLITE_ENABLE_FTS3_PARENTHESIS     -DSQLITE_ENABLE_FTS4     -DSQLITE_ENABLE_FTS5     -DSQLITE_ENABLE_JSON1     -DSQLITE_ENABLE_LOAD_EXTENSION     -DSQLITE_ENABLE_RTREE     -DSQLITE_ENABLE_STAT4     -DSQLITE_ENABLE_UPDATE_DELETE_LIMIT     -DSQLITE_SOUNDEX     -DSQLITE_TEMP_STORE=3     -DSQLITE_USE_URI     -O2     -fPIC  -o out/conftest2.o conftest.c >&5
configure:7133: $? = 0
configure:7155: result: yes
configure:7163: checking if gcc supports -c -o file.o
configure:7210: result: yes
configure:7243: checking whether the gcc linker (/Library/Developer/CommandLineTools/usr/bin/ld) supports shared libraries
configure:8229: result: yes
configure:8468: checking dynamic linker characteristics
configure:9132: result: darwin22.6.0 dyld
configure:9234: checking how to hardcode library paths into programs
configure:9259: result: immediate
configure:9779: checking whether stripping libraries is possible
configure:9793: result: yes
configure:9819: checking if libtool supports shared libraries
configure:9821: result: yes
configure:9824: checking whether to build shared libraries
configure:9845: result: yes
configure:9848: checking whether to build static libraries
configure:9852: result: yes
configure:9901: checking for a BSD-compatible install
configure:9969: result: /opt/homebrew/bin/ginstall -c
configure:9991: checking for special C compiler options needed for large files
configure:10036: result: no
configure:10042: checking for _FILE_OFFSET_BITS value needed for large files
configure:10067: gcc -c -DSQLITE_ENABLE_FTS3     -DSQLITE_ENABLE_FTS3_PARENTHESIS     -DSQLITE_ENABLE_FTS4     -DSQLITE_ENABLE_FTS5     -DSQLITE_ENABLE_JSON1     -DSQLITE_ENABLE_LOAD_EXTENSION     -DSQLITE_ENABLE_RTREE     -DSQLITE_ENABLE_STAT4     -DSQLITE_ENABLE_UPDATE_DELETE_LIMIT     -DSQLITE_SOUNDEX     -DSQLITE_TEMP_STORE=3     -DSQLITE_USE_URI     -O2     -fPIC  conftest.c >&5
configure:10067: $? = 0
configure:10099: result: no
configure:10187: checking for int8_t
configure:10187: gcc -c -DSQLITE_ENABLE_FTS3     -DSQLITE_ENABLE_FTS3_PARENTHESIS     -DSQLITE_ENABLE_FTS4     -DSQLITE_ENABLE_FTS5     -DSQLITE_ENABLE_JSON1     -DSQLITE_ENABLE_LOAD_EXTENSION     -DSQLITE_ENABLE_RTREE     -DSQLITE_ENABLE_STAT4     -DSQLITE_ENABLE_UPDATE_DELETE_LIMIT     -DSQLITE_SOUNDEX     -DSQLITE_TEMP_STORE=3     -DSQLITE_USE_URI     -O2     -fPIC  conftest.c >&5
configure:10187: $? = 0
configure:10187: gcc -c -DSQLITE_ENABLE_FTS3     -DSQLITE_ENABLE_FTS3_PARENTHESIS     -DSQLITE_ENABLE_FTS4     -DSQLITE_ENABLE_FTS5     -DSQLITE_ENABLE_JSON1     -DSQLITE_ENABLE_LOAD_EXTENSION     -DSQLITE_ENABLE_RTREE     -DSQLITE_ENABLE_STAT4     -DSQLITE_ENABLE_UPDATE_DELETE_LIMIT     -DSQLITE_SOUNDEX     -DSQLITE_TEMP_STORE=3     -DSQLITE_USE_URI     -O2     -fPIC  conftest.c >&5
conftest.c:57:21: error: expected expression
if (sizeof ((int8_t)))
                    ^
1 error generated.
configure:10187: $? = 1
configure: failed program was:
| /* confdefs.h */
| #define PACKAGE_NAME "sqlite"
| #define PACKAGE_TARNAME "sqlite"
| #define PACKAGE_VERSION "3.44.0"
| #define PACKAGE_STRING "sqlite 3.44.0"
| #define PACKAGE_BUGREPORT ""
| #define PACKAGE_URL ""
| #define STDC_HEADERS 1
| #define HAVE_SYS_TYPES_H 1
| #define HAVE_SYS_STAT_H 1
| #define HAVE_STDLIB_H 1
| #define HAVE_STRING_H 1
| #define HAVE_MEMORY_H 1
| #define HAVE_STRINGS_H 1
| #define HAVE_INTTYPES_H 1
| #define HAVE_STDINT_H 1
| #define HAVE_UNISTD_H 1
| #define HAVE_DLFCN_H 1
| #define LT_OBJDIR ".libs/"
| /* end confdefs.h.  */
| #include <stdio.h>
| #ifdef HAVE_SYS_TYPES_H
| # include <sys/types.h>
| #endif
| #ifdef HAVE_SYS_STAT_H
| # include <sys/stat.h>
| #endif
| #ifdef STDC_HEADERS
| # include <stdlib.h>
| # include <stddef.h>
| #else
| # ifdef HAVE_STDLIB_H
| #  include <stdlib.h>
| # endif
| #endif
| #ifdef HAVE_STRING_H
| # if !defined STDC_HEADERS && defined HAVE_MEMORY_H
| #  include <memory.h>
| # endif
| # include <string.h>
| #endif
| #ifdef HAVE_STRINGS_H
| # include <strings.h>
| #endif
| #ifdef HAVE_INTTYPES_H
| # include <inttypes.h>
| #endif
| #ifdef HAVE_STDINT_H
| # include <stdint.h>
| #endif
| #ifdef HAVE_UNISTD_H
| # include <unistd.h>
| #endif
| int
| main ()
| {
| if (sizeof ((int8_t)))
| 	    return 0;
|   ;
|   return 0;
| }
configure:10187: result: yes
configure:10196: checking for int16_t
configure:10196: gcc -c -DSQLITE_ENABLE_FTS3     -DSQLITE_ENABLE_FTS3_PARENTHESIS     -DSQLITE_ENABLE_FTS4     -DSQLITE_ENABLE_FTS5     -DSQLITE_ENABLE_JSON1     -DSQLITE_ENABLE_LOAD_EXTENSION     -DSQLITE_ENABLE_RTREE     -DSQLITE_ENABLE_STAT4     -DSQLITE_ENABLE_UPDATE_DELETE_LIMIT     -DSQLITE_SOUNDEX     -DSQLITE_TEMP_STORE=3     -DSQLITE_USE_URI     -O2     -fPIC  conftest.c >&5
configure:10196: $? = 0
configure:10196: gcc -c -DSQLITE_ENABLE_FTS3     -DSQLITE_ENABLE_FTS3_PARENTHESIS     -DSQLITE_ENABLE_FTS4     -DSQLITE_ENABLE_FTS5     -DSQLITE_ENABLE_JSON1     -DSQLITE_ENABLE_LOAD_EXTENSION     -DSQLITE_ENABLE_RTREE     -DSQLITE_ENABLE_STAT4     -DSQLITE_ENABLE_UPDATE_DELETE_LIMIT     -DSQLITE_SOUNDEX     -DSQLITE_TEMP_STORE=3     -DSQLITE_USE_URI     -O2     -fPIC  conftest.c >&5
conftest.c:58:22: error: expected expression
if (sizeof ((int16_t)))
                     ^
1 error generated.
configure:10196: $? = 1
configure: failed program was:
| /* confdefs.h */
| #define PACKAGE_NAME "sqlite"
| #define PACKAGE_TARNAME "sqlite"
| #define PACKAGE_VERSION "3.44.0"
| #define PACKAGE_STRING "sqlite 3.44.0"
| #define PACKAGE_BUGREPORT ""
| #define PACKAGE_URL ""
| #define STDC_HEADERS 1
| #define HAVE_SYS_TYPES_H 1
| #define HAVE_SYS_STAT_H 1
| #define HAVE_STDLIB_H 1
| #define HAVE_STRING_H 1
| #define HAVE_MEMORY_H 1
| #define HAVE_STRINGS_H 1
| #define HAVE_INTTYPES_H 1
| #define HAVE_STDINT_H 1
| #define HAVE_UNISTD_H 1
| #define HAVE_DLFCN_H 1
| #define LT_OBJDIR ".libs/"
| #define HAVE_INT8_T 1
| /* end confdefs.h.  */
| #include <stdio.h>
| #ifdef HAVE_SYS_TYPES_H
| # include <sys/types.h>
| #endif
| #ifdef HAVE_SYS_STAT_H
| # include <sys/stat.h>
| #endif
| #ifdef STDC_HEADERS
| # include <stdlib.h>
| # include <stddef.h>
| #else
| # ifdef HAVE_STDLIB_H
| #  include <stdlib.h>
| # endif
| #endif
| #ifdef HAVE_STRING_H
| # if !defined STDC_HEADERS && defined HAVE_MEMORY_H
| #  include <memory.h>
| # endif
| # include <string.h>
| #endif
| #ifdef HAVE_STRINGS_H
| # include <strings.h>
| #endif
| #ifdef HAVE_INTTYPES_H
| # include <inttypes.h>
| #endif
| #ifdef HAVE_STDINT_H
| # include <stdint.h>
| #endif
| #ifdef HAVE_UNISTD_H
| # include <unistd.h>
| #endif
| int
| main ()
| {
| if (sizeof ((int16_t)))
| 	    return 0;
|   ;
|   return 0;
| }
configure:10196: result: yes
configure:10205: checking for int32_t
configure:10205: gcc -c -DSQLITE_ENABLE_FTS3     -DSQLITE_ENABLE_FTS3_PARENTHESIS     -DSQLITE_ENABLE_FTS4     -DSQLITE_ENABLE_FTS5     -DSQLITE_ENABLE_JSON1     -DSQLITE_ENABLE_LOAD_EXTENSION     -DSQLITE_ENABLE_RTREE     -DSQLITE_ENABLE_STAT4     -DSQLITE_ENABLE_UPDATE_DELETE_LIMIT     -DSQLITE_SOUNDEX     -DSQLITE_TEMP_STORE=3     -DSQLITE_USE_URI     -O2     -fPIC  conftest.c >&5
configure:10205: $? = 0
configure:10205: gcc -c -DSQLITE_ENABLE_FTS3     -DSQLITE_ENABLE_FTS3_PARENTHESIS     -DSQLITE_ENABLE_FTS4     -DSQLITE_ENABLE_FTS5     -DSQLITE_ENABLE_JSON1     -DSQLITE_ENABLE_LOAD_EXTENSION     -DSQLITE_ENABLE_RTREE     -DSQLITE_ENABLE_STAT4     -DSQLITE_ENABLE_UPDATE_DELETE_LIMIT     -DSQLITE_SOUNDEX     -DSQLITE_TEMP_STORE=3     -DSQLITE_USE_URI     -O2     -fPIC  conftest.c >&5
conftest.c:59:22: error: expected expression
if (sizeof ((int32_t)))
                     ^
1 error generated.
configure:10205: $? = 1
configure: failed program was:
| /* confdefs.h */
| #define PACKAGE_NAME "sqlite"
| #define PACKAGE_TARNAME "sqlite"
| #define PACKAGE_VERSION "3.44.0"
| #define PACKAGE_STRING "sqlite 3.44.0"
| #define PACKAGE_BUGREPORT ""
| #define PACKAGE_URL ""
| #define STDC_HEADERS 1
| #define HAVE_SYS_TYPES_H 1
| #define HAVE_SYS_STAT_H 1
| #define HAVE_STDLIB_H 1
| #define HAVE_STRING_H 1
| #define HAVE_MEMORY_H 1
| #define HAVE_STRINGS_H 1
| #define HAVE_INTTYPES_H 1
| #define HAVE_STDINT_H 1
| #define HAVE_UNISTD_H 1
| #define HAVE_DLFCN_H 1
| #define LT_OBJDIR ".libs/"
| #define HAVE_INT8_T 1
| #define HAVE_INT16_T 1
| /* end confdefs.h.  */
| #include <stdio.h>
| #ifdef HAVE_SYS_TYPES_H
| # include <sys/types.h>
| #endif
| #ifdef HAVE_SYS_STAT_H
| # include <sys/stat.h>
| #endif
| #ifdef STDC_HEADERS
| # include <stdlib.h>
| # include <stddef.h>
| #else
| # ifdef HAVE_STDLIB_H
| #  include <stdlib.h>
| # endif
| #endif
| #ifdef HAVE_STRING_H
| # if !defined STDC_HEADERS && defined HAVE_MEMORY_H
| #  include <memory.h>
| # endif
| # include <string.h>
| #endif
| #ifdef HAVE_STRINGS_H
| # include <strings.h>
| #endif
| #ifdef HAVE_INTTYPES_H
| # include <inttypes.h>
| #endif
| #ifdef HAVE_STDINT_H
| # include <stdint.h>
| #endif
| #ifdef HAVE_UNISTD_H
| # include <unistd.h>
| #endif
| int
| main ()
| {
| if (sizeof ((int32_t)))
| 	    return 0;
|   ;
|   return 0;
| }
configure:10205: result: yes
configure:10214: checking for int64_t
configure:10214: gcc -c -DSQLITE_ENABLE_FTS3     -DSQLITE_ENABLE_FTS3_PARENTHESIS     -DSQLITE_ENABLE_FTS4     -DSQLITE_ENABLE_FTS5     -DSQLITE_ENABLE_JSON1     -DSQLITE_ENABLE_LOAD_EXTENSION     -DSQLITE_ENABLE_RTREE     -DSQLITE_ENABLE_STAT4     -DSQLITE_ENABLE_UPDATE_DELETE_LIMIT     -DSQLITE_SOUNDEX     -DSQLITE_TEMP_STORE=3     -DSQLITE_USE_URI     -O2     -fPIC  conftest.c >&5
configure:10214: $? = 0
configure:10214: gcc -c -DSQLITE_ENABLE_FTS3     -DSQLITE_ENABLE_FTS3_PARENTHESIS     -DSQLITE_ENABLE_FTS4     -DSQLITE_ENABLE_FTS5     -DSQLITE_ENABLE_JSON1     -DSQLITE_ENABLE_LOAD_EXTENSION     -DSQLITE_ENABLE_RTREE     -DSQLITE_ENABLE_STAT4     -DSQLITE_ENABLE_UPDATE_DELETE_LIMIT     -DSQLITE_SOUNDEX     -DSQLITE_TEMP_STORE=3     -DSQLITE_USE_URI     -O2     -fPIC  conftest.c >&5
conftest.c:60:22: error: expected expression
if (sizeof ((int64_t)))
                     ^
1 error generated.
configure:10214: $? = 1
configure: failed program was:
| /* confdefs.h */
| #define PACKAGE_NAME "sqlite"
| #define PACKAGE_TARNAME "sqlite"
| #define PACKAGE_VERSION "3.44.0"
| #define PACKAGE_STRING "sqlite 3.44.0"
| #define PACKAGE_BUGREPORT ""
| #define PACKAGE_URL ""
| #define STDC_HEADERS 1
| #define HAVE_SYS_TYPES_H 1
| #define HAVE_SYS_STAT_H 1
| #define HAVE_STDLIB_H 1
| #define HAVE_STRING_H 1
| #define HAVE_MEMORY_H 1
| #define HAVE_STRINGS_H 1
| #define HAVE_INTTYPES_H 1
| #define HAVE_STDINT_H 1
| #define HAVE_UNISTD_H 1
| #define HAVE_DLFCN_H 1
| #define LT_OBJDIR ".libs/"
| #define HAVE_INT8_T 1
| #define HAVE_INT16_T 1
| #define HAVE_INT32_T 1
| /* end confdefs.h.  */
| #include <stdio.h>
| #ifdef HAVE_SYS_TYPES_H
| # include <sys/types.h>
| #endif
| #ifdef HAVE_SYS_STAT_H
| # include <sys/stat.h>
| #endif
| #ifdef STDC_HEADERS
| # include <stdlib.h>
| # include <stddef.h>
| #else
| # ifdef HAVE_STDLIB_H
| #  include <stdlib.h>
| # endif
| #endif
| #ifdef HAVE_STRING_H
| # if !defined STDC_HEADERS && defined HAVE_MEMORY_H
| #  include <memory.h>
| # endif
| # include <string.h>
| #endif
| #ifdef HAVE_STRINGS_H
| # include <strings.h>
| #endif
| #ifdef HAVE_INTTYPES_H
| # include <inttypes.h>
| #endif
| #ifdef HAVE_STDINT_H
| # include <stdint.h>
| #endif
| #ifdef HAVE_UNISTD_H
| # include <unistd.h>
| #endif
| int
| main ()
| {
| if (sizeof ((int64_t)))
| 	    return 0;
|   ;
|   return 0;
| }
configure:10214: result: yes
configure:10223: checking for intptr_t
configure:10223: gcc -c -DSQLITE_ENABLE_FTS3     -DSQLITE_ENABLE_FTS3_PARENTHESIS     -DSQLITE_ENABLE_FTS4     -DSQLITE_ENABLE_FTS5     -DSQLITE_ENABLE_JSON1     -DSQLITE_ENABLE_LOAD_EXTENSION     -DSQLITE_ENABLE_RTREE     -DSQLITE_ENABLE_STAT4     -DSQLITE_ENABLE_UPDATE_DELETE_LIMIT     -DSQLITE_SOUNDEX     -DSQLITE_TEMP_STORE=3     -DSQLITE_USE_URI     -O2     -fPIC  conftest.c >&5
configure:10223: $? = 0
configure:10223: gcc -c -DSQLITE_ENABLE_FTS3     -DSQLITE_ENABLE_FTS3_PARENTHESIS     -DSQLITE_ENABLE_FTS4     -DSQLITE_ENABLE_FTS5     -DSQLITE_ENABLE_JSON1     -DSQLITE_ENABLE_LOAD_EXTENSION     -DSQLITE_ENABLE_RTREE     -DSQLITE_ENABLE_STAT4     -DSQLITE_ENABLE_UPDATE_DELETE_LIMIT     -DSQLITE_SOUNDEX     -DSQLITE_TEMP_STORE=3     -DSQLITE_USE_URI     -O2     -fPIC  conftest.c >&5
conftest.c:61:23: error: expected expression
if (sizeof ((intptr_t)))
                      ^
1 error generated.
configure:10223: $? = 1
configure: failed program was:
| /* confdefs.h */
| #define PACKAGE_NAME "sqlite"
| #define PACKAGE_TARNAME "sqlite"
| #define PACKAGE_VERSION "3.44.0"
| #define PACKAGE_STRING "sqlite 3.44.0"
| #define PACKAGE_BUGREPORT ""
| #define PACKAGE_URL ""
| #define STDC_HEADERS 1
| #define HAVE_SYS_TYPES_H 1
| #define HAVE_SYS_STAT_H 1
| #define HAVE_STDLIB_H 1
| #define HAVE_STRING_H 1
| #define HAVE_MEMORY_H 1
| #define HAVE_STRINGS_H 1
| #define HAVE_INTTYPES_H 1
| #define HAVE_STDINT_H 1
| #define HAVE_UNISTD_H 1
| #define HAVE_DLFCN_H 1
| #define LT_OBJDIR ".libs/"
| #define HAVE_INT8_T 1
| #define HAVE_INT16_T 1
| #define HAVE_INT32_T 1
| #define HAVE_INT64_T 1
| /* end confdefs.h.  */
| #include <stdio.h>
| #ifdef HAVE_SYS_TYPES_H
| # include <sys/types.h>
| #endif
| #ifdef HAVE_SYS_STAT_H
| # include <sys/stat.h>
| #endif
| #ifdef STDC_HEADERS
| # include <stdlib.h>
| # include <stddef.h>
| #else
| # ifdef HAVE_STDLIB_H
| #  include <stdlib.h>
| # endif
| #endif
| #ifdef HAVE_STRING_H
| # if !defined STDC_HEADERS && defined HAVE_MEMORY_H
| #  include <memory.h>
| # endif
| # include <string.h>
| #endif
| #ifdef HAVE_STRINGS_H
| # include <strings.h>
| #endif
| #ifdef HAVE_INTTYPES_H
| # include <inttypes.h>
| #endif
| #ifdef HAVE_STDINT_H
| # include <stdint.h>
| #endif
| #ifdef HAVE_UNISTD_H
| # include <unistd.h>
| #endif
| int
| main ()
| {
| if (sizeof ((intptr_t)))
| 	    return 0;
|   ;
|   return 0;
| }
configure:10223: result: yes
configure:10232: checking for uint8_t
configure:10232: gcc -c -DSQLITE_ENABLE_FTS3     -DSQLITE_ENABLE_FTS3_PARENTHESIS     -DSQLITE_ENABLE_FTS4     -DSQLITE_ENABLE_FTS5     -DSQLITE_ENABLE_JSON1     -DSQLITE_ENABLE_LOAD_EXTENSION     -DSQLITE_ENABLE_RTREE     -DSQLITE_ENABLE_STAT4     -DSQLITE_ENABLE_UPDATE_DELETE_LIMIT     -DSQLITE_SOUNDEX     -DSQLITE_TEMP_STORE=3     -DSQLITE_USE_URI     -O2     -fPIC  conftest.c >&5
configure:10232: $? = 0
configure:10232: gcc -c -DSQLITE_ENABLE_FTS3     -DSQLITE_ENABLE_FTS3_PARENTHESIS     -DSQLITE_ENABLE_FTS4     -DSQLITE_ENABLE_FTS5     -DSQLITE_ENABLE_JSON1     -DSQLITE_ENABLE_LOAD_EXTENSION     -DSQLITE_ENABLE_RTREE     -DSQLITE_ENABLE_STAT4     -DSQLITE_ENABLE_UPDATE_DELETE_LIMIT     -DSQLITE_SOUNDEX     -DSQLITE_TEMP_STORE=3     -DSQLITE_USE_URI     -O2     -fPIC  conftest.c >&5
conftest.c:62:22: error: expected expression
if (sizeof ((uint8_t)))
                     ^
1 error generated.
configure:10232: $? = 1
configure: failed program was:
| /* confdefs.h */
| #define PACKAGE_NAME "sqlite"
| #define PACKAGE_TARNAME "sqlite"
| #define PACKAGE_VERSION "3.44.0"
| #define PACKAGE_STRING "sqlite 3.44.0"
| #define PACKAGE_BUGREPORT ""
| #define PACKAGE_URL ""
| #define STDC_HEADERS 1
| #define HAVE_SYS_TYPES_H 1
| #define HAVE_SYS_STAT_H 1
| #define HAVE_STDLIB_H 1
| #define HAVE_STRING_H 1
| #define HAVE_MEMORY_H 1
| #define HAVE_STRINGS_H 1
| #define HAVE_INTTYPES_H 1
| #define HAVE_STDINT_H 1
| #define HAVE_UNISTD_H 1
| #define HAVE_DLFCN_H 1
| #define LT_OBJDIR ".libs/"
| #define HAVE_INT8_T 1
| #define HAVE_INT16_T 1
| #define HAVE_INT32_T 1
| #define HAVE_INT64_T 1
| #define HAVE_INTPTR_T 1
| /* end confdefs.h.  */
| #include <stdio.h>
| #ifdef HAVE_SYS_TYPES_H
| # include <sys/types.h>
| #endif
| #ifdef HAVE_SYS_STAT_H
| # include <sys/stat.h>
| #endif
| #ifdef STDC_HEADERS
| # include <stdlib.h>
| # include <stddef.h>
| #else
| # ifdef HAVE_STDLIB_H
| #  include <stdlib.h>
| # endif
| #endif
| #ifdef HAVE_STRING_H
| # if !defined STDC_HEADERS && defined HAVE_MEMORY_H
| #  include <memory.h>
| # endif
| # include <string.h>
| #endif
| #ifdef HAVE_STRINGS_H
| # include <strings.h>
| #endif
| #ifdef HAVE_INTTYPES_H
| # include <inttypes.h>
| #endif
| #ifdef HAVE_STDINT_H
| # include <stdint.h>
| #endif
| #ifdef HAVE_UNISTD_H
| # include <unistd.h>
| #endif
| int
| main ()
| {
| if (sizeof ((uint8_t)))
| 	    return 0;
|   ;
|   return 0;
| }
configure:10232: result: yes
configure:10241: checking for uint16_t
configure:10241: gcc -c -DSQLITE_ENABLE_FTS3     -DSQLITE_ENABLE_FTS3_PARENTHESIS     -DSQLITE_ENABLE_FTS4     -DSQLITE_ENABLE_FTS5     -DSQLITE_ENABLE_JSON1     -DSQLITE_ENABLE_LOAD_EXTENSION     -DSQLITE_ENABLE_RTREE     -DSQLITE_ENABLE_STAT4     -DSQLITE_ENABLE_UPDATE_DELETE_LIMIT     -DSQLITE_SOUNDEX     -DSQLITE_TEMP_STORE=3     -DSQLITE_USE_URI     -O2     -fPIC  conftest.c >&5
configure:10241: $? = 0
configure:10241: gcc -c -DSQLITE_ENABLE_FTS3     -DSQLITE_ENABLE_FTS3_PARENTHESIS     -DSQLITE_ENABLE_FTS4     -DSQLITE_ENABLE_FTS5     -DSQLITE_ENABLE_JSON1     -DSQLITE_ENABLE_LOAD_EXTENSION     -DSQLITE_ENABLE_RTREE     -DSQLITE_ENABLE_STAT4     -DSQLITE_ENABLE_UPDATE_DELETE_LIMIT     -DSQLITE_SOUNDEX     -DSQLITE_TEMP_STORE=3     -DSQLITE_USE_URI     -O2     -fPIC  conftest.c >&5
conftest.c:63:23: error: expected expression
if (sizeof ((uint16_t)))
                      ^
1 error generated.
configure:10241: $? = 1
configure: failed program was:
| /* confdefs.h */
| #define PACKAGE_NAME "sqlite"
| #define PACKAGE_TARNAME "sqlite"
| #define PACKAGE_VERSION "3.44.0"
| #define PACKAGE_STRING "sqlite 3.44.0"
| #define PACKAGE_BUGREPORT ""
| #define PACKAGE_URL ""
| #define STDC_HEADERS 1
| #define HAVE_SYS_TYPES_H 1
| #define HAVE_SYS_STAT_H 1
| #define HAVE_STDLIB_H 1
| #define HAVE_STRING_H 1
| #define HAVE_MEMORY_H 1
| #define HAVE_STRINGS_H 1
| #define HAVE_INTTYPES_H 1
| #define HAVE_STDINT_H 1
| #define HAVE_UNISTD_H 1
| #define HAVE_DLFCN_H 1
| #define LT_OBJDIR ".libs/"
| #define HAVE_INT8_T 1
| #define HAVE_INT16_T 1
| #define HAVE_INT32_T 1
| #define HAVE_INT64_T 1
| #define HAVE_INTPTR_T 1
| #define HAVE_UINT8_T 1
| /* end confdefs.h.  */
| #include <stdio.h>
| #ifdef HAVE_SYS_TYPES_H
| # include <sys/types.h>
| #endif
| #ifdef HAVE_SYS_STAT_H
| # include <sys/stat.h>
| #endif
| #ifdef STDC_HEADERS
| # include <stdlib.h>
| # include <stddef.h>
| #else
| # ifdef HAVE_STDLIB_H
| #  include <stdlib.h>
| # endif
| #endif
| #ifdef HAVE_STRING_H
| # if !defined STDC_HEADERS && defined HAVE_MEMORY_H
| #  include <memory.h>
| # endif
| # include <string.h>
| #endif
| #ifdef HAVE_STRINGS_H
| # include <strings.h>
| #endif
| #ifdef HAVE_INTTYPES_H
| # include <inttypes.h>
| #endif
| #ifdef HAVE_STDINT_H
| # include <stdint.h>
| #endif
| #ifdef HAVE_UNISTD_H
| # include <unistd.h>
| #endif
| int
| main ()
| {
| if (sizeof ((uint16_t)))
| 	    return 0;
|   ;
|   return 0;
| }
configure:10241: result: yes
configure:10250: checking for uint32_t
configure:10250: gcc -c -DSQLITE_ENABLE_FTS3     -DSQLITE_ENABLE_FTS3_PARENTHESIS     -DSQLITE_ENABLE_FTS4     -DSQLITE_ENABLE_FTS5     -DSQLITE_ENABLE_JSON1     -DSQLITE_ENABLE_LOAD_EXTENSION     -DSQLITE_ENABLE_RTREE     -DSQLITE_ENABLE_STAT4     -DSQLITE_ENABLE_UPDATE_DELETE_LIMIT     -DSQLITE_SOUNDEX     -DSQLITE_TEMP_STORE=3     -DSQLITE_USE_URI     -O2     -fPIC  conftest.c >&5
configure:10250: $? = 0
configure:10250: gcc -c -DSQLITE_ENABLE_FTS3     -DSQLITE_ENABLE_FTS3_PARENTHESIS     -DSQLITE_ENABLE_FTS4     -DSQLITE_ENABLE_FTS5     -DSQLITE_ENABLE_JSON1     -DSQLITE_ENABLE_LOAD_EXTENSION     -DSQLITE_ENABLE_RTREE     -DSQLITE_ENABLE_STAT4     -DSQLITE_ENABLE_UPDATE_DELETE_LIMIT     -DSQLITE_SOUNDEX     -DSQLITE_TEMP_STORE=3     -DSQLITE_USE_URI     -O2     -fPIC  conftest.c >&5
conftest.c:64:23: error: expected expression
if (sizeof ((uint32_t)))
                      ^
1 error generated.
configure:10250: $? = 1
configure: failed program was:
| /* confdefs.h */
| #define PACKAGE_NAME "sqlite"
| #define PACKAGE_TARNAME "sqlite"
| #define PACKAGE_VERSION "3.44.0"
| #define PACKAGE_STRING "sqlite 3.44.0"
| #define PACKAGE_BUGREPORT ""
| #define PACKAGE_URL ""
| #define STDC_HEADERS 1
| #define HAVE_SYS_TYPES_H 1
| #define HAVE_SYS_STAT_H 1
| #define HAVE_STDLIB_H 1
| #define HAVE_STRING_H 1
| #define HAVE_MEMORY_H 1
| #define HAVE_STRINGS_H 1
| #define HAVE_INTTYPES_H 1
| #define HAVE_STDINT_H 1
| #define HAVE_UNISTD_H 1
| #define HAVE_DLFCN_H 1
| #define LT_OBJDIR ".libs/"
| #define HAVE_INT8_T 1
| #define HAVE_INT16_T 1
| #define HAVE_INT32_T 1
| #define HAVE_INT64_T 1
| #define HAVE_INTPTR_T 1
| #define HAVE_UINT8_T 1
| #define HAVE_UINT16_T 1
| /* end confdefs.h.  */
| #include <stdio.h>
| #ifdef HAVE_SYS_TYPES_H
| # include <sys/types.h>
| #endif
| #ifdef HAVE_SYS_STAT_H
| # include <sys/stat.h>
| #endif
| #ifdef STDC_HEADERS
| # include <stdlib.h>
| # include <stddef.h>
| #else
| # ifdef HAVE_STDLIB_H
| #  include <stdlib.h>
| # endif
| #endif
| #ifdef HAVE_STRING_H
| # if !defined STDC_HEADERS && defined HAVE_MEMORY_H
| #  include <memory.h>
| # endif
| # include <string.h>
| #endif
| #ifdef HAVE_STRINGS_H
| # include <strings.h>
| #endif
| #ifdef HAVE_INTTYPES_H
| # include <inttypes.h>
| #endif
| #ifdef HAVE_STDINT_H
| # include <stdint.h>
| #endif
| #ifdef HAVE_UNISTD_H
| # include <unistd.h>
| #endif
| int
| main ()
| {
| if (sizeof ((uint32_t)))
| 	    return 0;
|   ;
|   return 0;
| }
configure:10250: result: yes
configure:10259: checking for uint64_t
configure:10259: gcc -c -DSQLITE_ENABLE_FTS3     -DSQLITE_ENABLE_FTS3_PARENTHESIS     -DSQLITE_ENABLE_FTS4     -DSQLITE_ENABLE_FTS5     -DSQLITE_ENABLE_JSON1     -DSQLITE_ENABLE_LOAD_EXTENSION     -DSQLITE_ENABLE_RTREE     -DSQLITE_ENABLE_STAT4     -DSQLITE_ENABLE_UPDATE_DELETE_LIMIT     -DSQLITE_SOUNDEX     -DSQLITE_TEMP_STORE=3     -DSQLITE_USE_URI     -O2     -fPIC  conftest.c >&5
configure:10259: $? = 0
configure:10259: gcc -c -DSQLITE_ENABLE_FTS3     -DSQLITE_ENABLE_FTS3_PARENTHESIS     -DSQLITE_ENABLE_FTS4     -DSQLITE_ENABLE_FTS5     -DSQLITE_ENABLE_JSON1     -DSQLITE_ENABLE_LOAD_EXTENSION     -DSQLITE_ENABLE_RTREE     -DSQLITE_ENABLE_STAT4     -DSQLITE_ENABLE_UPDATE_DELETE_LIMIT     -DSQLITE_SOUNDEX     -DSQLITE_TEMP_STORE=3     -DSQLITE_USE_URI     -O2     -fPIC  conftest.c >&5
conftest.c:65:23: error: expected expression
if (sizeof ((uint64_t)))
                      ^
1 error generated.
configure:10259: $? = 1
configure: failed program was:
| /* confdefs.h */
| #define PACKAGE_NAME "sqlite"
| #define PACKAGE_TARNAME "sqlite"
| #define PACKAGE_VERSION "3.44.0"
| #define PACKAGE_STRING "sqlite 3.44.0"
| #define PACKAGE_BUGREPORT ""
| #define PACKAGE_URL ""
| #define STDC_HEADERS 1
| #define HAVE_SYS_TYPES_H 1
| #define HAVE_SYS_STAT_H 1
| #define HAVE_STDLIB_H 1
| #define HAVE_STRING_H 1
| #define HAVE_MEMORY_H 1
| #define HAVE_STRINGS_H 1
| #define HAVE_INTTYPES_H 1
| #define HAVE_STDINT_H 1
| #define HAVE_UNISTD_H 1
| #define HAVE_DLFCN_H 1
| #define LT_OBJDIR ".libs/"
| #define HAVE_INT8_T 1
| #define HAVE_INT16_T 1
| #define HAVE_INT32_T 1
| #define HAVE_INT64_T 1
| #define HAVE_INTPTR_T 1
| #define HAVE_UINT8_T 1
| #define HAVE_UINT16_T 1
| #define HAVE_UINT32_T 1
| /* end confdefs.h.  */
| #include <stdio.h>
| #ifdef HAVE_SYS_TYPES_H
| # include <sys/types.h>
| #endif
| #ifdef HAVE_SYS_STAT_H
| # include <sys/stat.h>
| #endif
| #ifdef STDC_HEADERS
| # include <stdlib.h>
| # include <stddef.h>
| #else
| # ifdef HAVE_STDLIB_H
| #  include <stdlib.h>
| # endif
| #endif
| #ifdef HAVE_STRING_H
| # if !defined STDC_HEADERS && defined HAVE_MEMORY_H
| #  include <memory.h>
| # endif
| # include <string.h>
| #endif
| #ifdef HAVE_STRINGS_H
| # include <strings.h>
| #endif
| #ifdef HAVE_INTTYPES_H
| # include <inttypes.h>
| #endif
| #ifdef HAVE_STDINT_H
| # include <stdint.h>
| #endif
| #ifdef HAVE_UNISTD_H
| # include <unistd.h>
| #endif
| int
| main ()
| {
| if (sizeof ((uint64_t)))
| 	    return 0;
|   ;
|   return 0;
| }
configure:10259: result: yes
configure:10268: checking for uintptr_t
configure:10268: gcc -c -DSQLITE_ENABLE_FTS3     -DSQLITE_ENABLE_FTS3_PARENTHESIS     -DSQLITE_ENABLE_FTS4     -DSQLITE_ENABLE_FTS5     -DSQLITE_ENABLE_JSON1     -DSQLITE_ENABLE_LOAD_EXTENSION     -DSQLITE_ENABLE_RTREE     -DSQLITE_ENABLE_STAT4     -DSQLITE_ENABLE_UPDATE_DELETE_LIMIT     -DSQLITE_SOUNDEX     -DSQLITE_TEMP_STORE=3     -DSQLITE_USE_URI     -O2     -fPIC  conftest.c >&5
configure:10268: $? = 0
configure:10268: gcc -c -DSQLITE_ENABLE_FTS3     -DSQLITE_ENABLE_FTS3_PARENTHESIS     -DSQLITE_ENABLE_FTS4     -DSQLITE_ENABLE_FTS5     -DSQLITE_ENABLE_JSON1     -DSQLITE_ENABLE_LOAD_EXTENSION     -DSQLITE_ENABLE_RTREE     -DSQLITE_ENABLE_STAT4     -DSQLITE_ENABLE_UPDATE_DELETE_LIMIT     -DSQLITE_SOUNDEX     -DSQLITE_TEMP_STORE=3     -DSQLITE_USE_URI     -O2     -fPIC  conftest.c >&5
conftest.c:66:24: error: expected expression
if (sizeof ((uintptr_t)))
                       ^
1 error generated.
configure:10268: $? = 1
configure: failed program was:
| /* confdefs.h */
| #define PACKAGE_NAME "sqlite"
| #define PACKAGE_TARNAME "sqlite"
| #define PACKAGE_VERSION "3.44.0"
| #define PACKAGE_STRING "sqlite 3.44.0"
| #define PACKAGE_BUGREPORT ""
| #define PACKAGE_URL ""
| #define STDC_HEADERS 1
| #define HAVE_SYS_TYPES_H 1
| #define HAVE_SYS_STAT_H 1
| #define HAVE_STDLIB_H 1
| #define HAVE_STRING_H 1
| #define HAVE_MEMORY_H 1
| #define HAVE_STRINGS_H 1
| #define HAVE_INTTYPES_H 1
| #define HAVE_STDINT_H 1
| #define HAVE_UNISTD_H 1
| #define HAVE_DLFCN_H 1
| #define LT_OBJDIR ".libs/"
| #define HAVE_INT8_T 1
| #define HAVE_INT16_T 1
| #define HAVE_INT32_T 1
| #define HAVE_INT64_T 1
| #define HAVE_INTPTR_T 1
| #define HAVE_UINT8_T 1
| #define HAVE_UINT16_T 1
| #define HAVE_UINT32_T 1
| #define HAVE_UINT64_T 1
| /* end confdefs.h.  */
| #include <stdio.h>
| #ifdef HAVE_SYS_TYPES_H
| # include <sys/types.h>
| #endif
| #ifdef HAVE_SYS_STAT_H
| # include <sys/stat.h>
| #endif
| #ifdef STDC_HEADERS
| # include <stdlib.h>
| # include <stddef.h>
| #else
| # ifdef HAVE_STDLIB_H
| #  include <stdlib.h>
| # endif
| #endif
| #ifdef HAVE_STRING_H
| # if !defined STDC_HEADERS && defined HAVE_MEMORY_H
| #  include <memory.h>
| # endif
| # include <string.h>
| #endif
| #ifdef HAVE_STRINGS_H
| # include <strings.h>
| #endif
| #ifdef HAVE_INTTYPES_H
| # include <inttypes.h>
| #endif
| #ifdef HAVE_STDINT_H
| # include <stdint.h>
| #endif
| #ifdef HAVE_UNISTD_H
| # include <unistd.h>
| #endif
| int
| main ()
| {
| if (sizeof ((uintptr_t)))
| 	    return 0;
|   ;
|   return 0;
| }
configure:10268: result: yes
configure:10284: checking for sys/types.h
configure:10284: result: yes
configure:10284: checking for stdlib.h
configure:10284: result: yes
configure:10284: checking for stdint.h
configure:10284: result: yes
configure:10284: checking for inttypes.h
configure:10284: result: yes
configure:10284: checking malloc.h usability
configure:10284: gcc -c -DSQLITE_ENABLE_FTS3     -DSQLITE_ENABLE_FTS3_PARENTHESIS     -DSQLITE_ENABLE_FTS4     -DSQLITE_ENABLE_FTS5     -DSQLITE_ENABLE_JSON1     -DSQLITE_ENABLE_LOAD_EXTENSION     -DSQLITE_ENABLE_RTREE     -DSQLITE_ENABLE_STAT4     -DSQLITE_ENABLE_UPDATE_DELETE_LIMIT     -DSQLITE_SOUNDEX     -DSQLITE_TEMP_STORE=3     -DSQLITE_USE_URI     -O2     -fPIC  conftest.c >&5
conftest.c:68:10: fatal error: 'malloc.h' file not found
#include <malloc.h>
         ^~~~~~~~~~
1 error generated.
configure:10284: $? = 1
configure: failed program was:
| /* confdefs.h */
| #define PACKAGE_NAME "sqlite"
| #define PACKAGE_TARNAME "sqlite"
| #define PACKAGE_VERSION "3.44.0"
| #define PACKAGE_STRING "sqlite 3.44.0"
| #define PACKAGE_BUGREPORT ""
| #define PACKAGE_URL ""
| #define STDC_HEADERS 1
| #define HAVE_SYS_TYPES_H 1
| #define HAVE_SYS_STAT_H 1
| #define HAVE_STDLIB_H 1
| #define HAVE_STRING_H 1
| #define HAVE_MEMORY_H 1
| #define HAVE_STRINGS_H 1
| #define HAVE_INTTYPES_H 1
| #define HAVE_STDINT_H 1
| #define HAVE_UNISTD_H 1
| #define HAVE_DLFCN_H 1
| #define LT_OBJDIR ".libs/"
| #define HAVE_INT8_T 1
| #define HAVE_INT16_T 1
| #define HAVE_INT32_T 1
| #define HAVE_INT64_T 1
| #define HAVE_INTPTR_T 1
| #define HAVE_UINT8_T 1
| #define HAVE_UINT16_T 1
| #define HAVE_UINT32_T 1
| #define HAVE_UINT64_T 1
| #define HAVE_UINTPTR_T 1
| #define HAVE_SYS_TYPES_H 1
| #define HAVE_STDLIB_H 1
| #define HAVE_STDINT_H 1
| #define HAVE_INTTYPES_H 1
| /* end confdefs.h.  */
| #include <stdio.h>
| #ifdef HAVE_SYS_TYPES_H
| # include <sys/types.h>
| #endif
| #ifdef HAVE_SYS_STAT_H
| # include <sys/stat.h>
| #endif
| #ifdef STDC_HEADERS
| # include <stdlib.h>
| # include <stddef.h>
| #else
| # ifdef HAVE_STDLIB_H
| #  include <stdlib.h>
| # endif
| #endif
| #ifdef HAVE_STRING_H
| # if !defined STDC_HEADERS && defined HAVE_MEMORY_H
| #  include <memory.h>
| # endif
| # include <string.h>
| #endif
| #ifdef HAVE_STRINGS_H
| # include <strings.h>
| #endif
| #ifdef HAVE_INTTYPES_H
| # include <inttypes.h>
| #endif
| #ifdef HAVE_STDINT_H
| # include <stdint.h>
| #endif
| #ifdef HAVE_UNISTD_H
| # include <unistd.h>
| #endif
| #include <malloc.h>
configure:10284: result: no
configure:10284: checking malloc.h presence
configure:10284: gcc -E  conftest.c
conftest.c:35:10: fatal error: 'malloc.h' file not found
#include <malloc.h>
         ^~~~~~~~~~
1 error generated.
configure:10284: $? = 1
configure: failed program was:
| /* confdefs.h */
| #define PACKAGE_NAME "sqlite"
| #define PACKAGE_TARNAME "sqlite"
| #define PACKAGE_VERSION "3.44.0"
| #define PACKAGE_STRING "sqlite 3.44.0"
| #define PACKAGE_BUGREPORT ""
| #define PACKAGE_URL ""
| #define STDC_HEADERS 1
| #define HAVE_SYS_TYPES_H 1
| #define HAVE_SYS_STAT_H 1
| #define HAVE_STDLIB_H 1
| #define HAVE_STRING_H 1
| #define HAVE_MEMORY_H 1
| #define HAVE_STRINGS_H 1
| #define HAVE_INTTYPES_H 1
| #define HAVE_STDINT_H 1
| #define HAVE_UNISTD_H 1
| #define HAVE_DLFCN_H 1
| #define LT_OBJDIR ".libs/"
| #define HAVE_INT8_T 1
| #define HAVE_INT16_T 1
| #define HAVE_INT32_T 1
| #define HAVE_INT64_T 1
| #define HAVE_INTPTR_T 1
| #define HAVE_UINT8_T 1
| #define HAVE_UINT16_T 1
| #define HAVE_UINT32_T 1
| #define HAVE_UINT64_T 1
| #define HAVE_UINTPTR_T 1
| #define HAVE_SYS_TYPES_H 1
| #define HAVE_STDLIB_H 1
| #define HAVE_STDINT_H 1
| #define HAVE_INTTYPES_H 1
| /* end confdefs.h.  */
| #include <malloc.h>
configure:10284: result: no
configure:10284: checking for malloc.h
configure:10284: result: no
configure:10301: checking for fdatasync
configure:10301: gcc -o conftest -DSQLITE_ENABLE_FTS3     -DSQLITE_ENABLE_FTS3_PARENTHESIS     -DSQLITE_ENABLE_FTS4     -DSQLITE_ENABLE_FTS5     -DSQLITE_ENABLE_JSON1     -DSQLITE_ENABLE_LOAD_EXTENSION     -DSQLITE_ENABLE_RTREE     -DSQLITE_ENABLE_STAT4     -DSQLITE_ENABLE_UPDATE_DELETE_LIMIT     -DSQLITE_SOUNDEX     -DSQLITE_TEMP_STORE=3     -DSQLITE_USE_URI     -O2     -fPIC   conftest.c -lm >&5
configure:10301: $? = 0
configure:10301: result: yes
configure:10301: checking for gmtime_r
configure:10301: gcc -o conftest -DSQLITE_ENABLE_FTS3     -DSQLITE_ENABLE_FTS3_PARENTHESIS     -DSQLITE_ENABLE_FTS4     -DSQLITE_ENABLE_FTS5     -DSQLITE_ENABLE_JSON1     -DSQLITE_ENABLE_LOAD_EXTENSION     -DSQLITE_ENABLE_RTREE     -DSQLITE_ENABLE_STAT4     -DSQLITE_ENABLE_UPDATE_DELETE_LIMIT     -DSQLITE_SOUNDEX     -DSQLITE_TEMP_STORE=3     -DSQLITE_USE_URI     -O2     -fPIC   conftest.c -lm >&5
configure:10301: $? = 0
configure:10301: result: yes
configure:10301: checking for isnan
configure:10301: gcc -o conftest -DSQLITE_ENABLE_FTS3     -DSQLITE_ENABLE_FTS3_PARENTHESIS     -DSQLITE_ENABLE_FTS4     -DSQLITE_ENABLE_FTS5     -DSQLITE_ENABLE_JSON1     -DSQLITE_ENABLE_LOAD_EXTENSION     -DSQLITE_ENABLE_RTREE     -DSQLITE_ENABLE_STAT4     -DSQLITE_ENABLE_UPDATE_DELETE_LIMIT     -DSQLITE_SOUNDEX     -DSQLITE_TEMP_STORE=3     -DSQLITE_USE_URI     -O2     -fPIC   conftest.c -lm >&5
configure:10301: $? = 0
configure:10301: result: yes
configure:10301: checking for localtime_r
configure:10301: gcc -o conftest -DSQLITE_ENABLE_FTS3     -DSQLITE_ENABLE_FTS3_PARENTHESIS     -DSQLITE_ENABLE_FTS4     -DSQLITE_ENABLE_FTS5     -DSQLITE_ENABLE_JSON1     -DSQLITE_ENABLE_LOAD_EXTENSION     -DSQLITE_ENABLE_RTREE     -DSQLITE_ENABLE_STAT4     -DSQLITE_ENABLE_UPDATE_DELETE_LIMIT     -DSQLITE_SOUNDEX     -DSQLITE_TEMP_STORE=3     -DSQLITE_USE_URI     -O2     -fPIC   conftest.c -lm >&5
configure:10301: $? = 0
configure:10301: result: yes
configure:10301: checking for localtime_s
configure:10301: gcc -o conftest -DSQLITE_ENABLE_FTS3     -DSQLITE_ENABLE_FTS3_PARENTHESIS     -DSQLITE_ENABLE_FTS4     -DSQLITE_ENABLE_FTS5     -DSQLITE_ENABLE_JSON1     -DSQLITE_ENABLE_LOAD_EXTENSION     -DSQLITE_ENABLE_RTREE     -DSQLITE_ENABLE_STAT4     -DSQLITE_ENABLE_UPDATE_DELETE_LIMIT     -DSQLITE_SOUNDEX     -DSQLITE_TEMP_STORE=3     -DSQLITE_USE_URI     -O2     -fPIC   conftest.c -lm >&5
Undefined symbols for architecture arm64:
  "_localtime_s", referenced from:
      _main in conftest-404ea2.o
ld: symbol(s) not found for architecture arm64
clang: error: linker command failed with exit code 1 (use -v to see invocation)
configure:10301: $? = 1
configure: failed program was:
| /* confdefs.h */
| #define PACKAGE_NAME "sqlite"
| #define PACKAGE_TARNAME "sqlite"
| #define PACKAGE_VERSION "3.44.0"
| #define PACKAGE_STRING "sqlite 3.44.0"
| #define PACKAGE_BUGREPORT ""
| #define PACKAGE_URL ""
| #define STDC_HEADERS 1
| #define HAVE_SYS_TYPES_H 1
| #define HAVE_SYS_STAT_H 1
| #define HAVE_STDLIB_H 1
| #define HAVE_STRING_H 1
| #define HAVE_MEMORY_H 1
| #define HAVE_STRINGS_H 1
| #define HAVE_INTTYPES_H 1
| #define HAVE_STDINT_H 1
| #define HAVE_UNISTD_H 1
| #define HAVE_DLFCN_H 1
| #define LT_OBJDIR ".libs/"
| #define HAVE_INT8_T 1
| #define HAVE_INT16_T 1
| #define HAVE_INT32_T 1
| #define HAVE_INT64_T 1
| #define HAVE_INTPTR_T 1
| #define HAVE_UINT8_T 1
| #define HAVE_UINT16_T 1
| #define HAVE_UINT32_T 1
| #define HAVE_UINT64_T 1
| #define HAVE_UINTPTR_T 1
| #define HAVE_SYS_TYPES_H 1
| #define HAVE_STDLIB_H 1
| #define HAVE_STDINT_H 1
| #define HAVE_INTTYPES_H 1
| #define HAVE_FDATASYNC 1
| #define HAVE_GMTIME_R 1
| #define HAVE_ISNAN 1
| #define HAVE_LOCALTIME_R 1
| /* end confdefs.h.  */
| /* Define localtime_s to an innocuous variant, in case <limits.h> declares localtime_s.
|    For example, HP-UX 11i <limits.h> declares gettimeofday.  */
| #define localtime_s innocuous_localtime_s
| 
| /* System header to define __stub macros and hopefully few prototypes,
|     which can conflict with char localtime_s (); below.
|     Prefer <limits.h> to <assert.h> if __STDC__ is defined, since
|     <limits.h> exists even on freestanding compilers.  */
| 
| #ifdef __STDC__
| # include <limits.h>
| #else
| # include <assert.h>
| #endif
| 
| #undef localtime_s
| 
| /* Override any GCC internal prototype to avoid an error.
|    Use char because int might match the return type of a GCC
|    builtin and then its argument prototype would still apply.  */
| #ifdef __cplusplus
| extern "C"
| #endif
| char localtime_s ();
| /* The GNU C library defines this for functions which it implements
|     to always fail with ENOSYS.  Some functions are actually named
|     something starting with __ and the normal name is an alias.  */
| #if defined __stub_localtime_s || defined __stub___localtime_s
| choke me
| #endif
| 
| int
| main ()
| {
| return localtime_s ();
|   ;
|   return 0;
| }
configure:10301: result: no
configure:10301: checking for malloc_usable_size
configure:10301: gcc -o conftest -DSQLITE_ENABLE_FTS3     -DSQLITE_ENABLE_FTS3_PARENTHESIS     -DSQLITE_ENABLE_FTS4     -DSQLITE_ENABLE_FTS5     -DSQLITE_ENABLE_JSON1     -DSQLITE_ENABLE_LOAD_EXTENSION     -DSQLITE_ENABLE_RTREE     -DSQLITE_ENABLE_STAT4     -DSQLITE_ENABLE_UPDATE_DELETE_LIMIT     -DSQLITE_SOUNDEX     -DSQLITE_TEMP_STORE=3     -DSQLITE_USE_URI     -O2     -fPIC   conftest.c -lm >&5
Undefined symbols for architecture arm64:
  "_malloc_usable_size", referenced from:
      _main in conftest-7c7265.o
ld: symbol(s) not found for architecture arm64
clang: error: linker command failed with exit code 1 (use -v to see invocation)
configure:10301: $? = 1
configure: failed program was:
| /* confdefs.h */
| #define PACKAGE_NAME "sqlite"
| #define PACKAGE_TARNAME "sqlite"
| #define PACKAGE_VERSION "3.44.0"
| #define PACKAGE_STRING "sqlite 3.44.0"
| #define PACKAGE_BUGREPORT ""
| #define PACKAGE_URL ""
| #define STDC_HEADERS 1
| #define HAVE_SYS_TYPES_H 1
| #define HAVE_SYS_STAT_H 1
| #define HAVE_STDLIB_H 1
| #define HAVE_STRING_H 1
| #define HAVE_MEMORY_H 1
| #define HAVE_STRINGS_H 1
| #define HAVE_INTTYPES_H 1
| #define HAVE_STDINT_H 1
| #define HAVE_UNISTD_H 1
| #define HAVE_DLFCN_H 1
| #define LT_OBJDIR ".libs/"
| #define HAVE_INT8_T 1
| #define HAVE_INT16_T 1
| #define HAVE_INT32_T 1
| #define HAVE_INT64_T 1
| #define HAVE_INTPTR_T 1
| #define HAVE_UINT8_T 1
| #define HAVE_UINT16_T 1
| #define HAVE_UINT32_T 1
| #define HAVE_UINT64_T 1
| #define HAVE_UINTPTR_T 1
| #define HAVE_SYS_TYPES_H 1
| #define HAVE_STDLIB_H 1
| #define HAVE_STDINT_H 1
| #define HAVE_INTTYPES_H 1
| #define HAVE_FDATASYNC 1
| #define HAVE_GMTIME_R 1
| #define HAVE_ISNAN 1
| #define HAVE_LOCALTIME_R 1
| /* end confdefs.h.  */
| /* Define malloc_usable_size to an innocuous variant, in case <limits.h> declares malloc_usable_size.
|    For example, HP-UX 11i <limits.h> declares gettimeofday.  */
| #define malloc_usable_size innocuous_malloc_usable_size
| 
| /* System header to define __stub macros and hopefully few prototypes,
|     which can conflict with char malloc_usable_size (); below.
|     Prefer <limits.h> to <assert.h> if __STDC__ is defined, since
|     <limits.h> exists even on freestanding compilers.  */
| 
| #ifdef __STDC__
| # include <limits.h>
| #else
| # include <assert.h>
| #endif
| 
| #undef malloc_usable_size
| 
| /* Override any GCC internal prototype to avoid an error.
|    Use char because int might match the return type of a GCC
|    builtin and then its argument prototype would still apply.  */
| #ifdef __cplusplus
| extern "C"
| #endif
| char malloc_usable_size ();
| /* The GNU C library defines this for functions which it implements
|     to always fail with ENOSYS.  Some functions are actually named
|     something starting with __ and the normal name is an alias.  */
| #if defined __stub_malloc_usable_size || defined __stub___malloc_usable_size
| choke me
| #endif
| 
| int
| main ()
| {
| return malloc_usable_size ();
|   ;
|   return 0;
| }
configure:10301: result: no
configure:10301: checking for strchrnul
configure:10301: gcc -o conftest -DSQLITE_ENABLE_FTS3     -DSQLITE_ENABLE_FTS3_PARENTHESIS     -DSQLITE_ENABLE_FTS4     -DSQLITE_ENABLE_FTS5     -DSQLITE_ENABLE_JSON1     -DSQLITE_ENABLE_LOAD_EXTENSION     -DSQLITE_ENABLE_RTREE     -DSQLITE_ENABLE_STAT4     -DSQLITE_ENABLE_UPDATE_DELETE_LIMIT     -DSQLITE_SOUNDEX     -DSQLITE_TEMP_STORE=3     -DSQLITE_USE_URI     -O2     -fPIC   conftest.c -lm >&5
Undefined symbols for architecture arm64:
  "_strchrnul", referenced from:
      _main in conftest-52caf2.o
ld: symbol(s) not found for architecture arm64
clang: error: linker command failed with exit code 1 (use -v to see invocation)
configure:10301: $? = 1
configure: failed program was:
| /* confdefs.h */
| #define PACKAGE_NAME "sqlite"
| #define PACKAGE_TARNAME "sqlite"
| #define PACKAGE_VERSION "3.44.0"
| #define PACKAGE_STRING "sqlite 3.44.0"
| #define PACKAGE_BUGREPORT ""
| #define PACKAGE_URL ""
| #define STDC_HEADERS 1
| #define HAVE_SYS_TYPES_H 1
| #define HAVE_SYS_STAT_H 1
| #define HAVE_STDLIB_H 1
| #define HAVE_STRING_H 1
| #define HAVE_MEMORY_H 1
| #define HAVE_STRINGS_H 1
| #define HAVE_INTTYPES_H 1
| #define HAVE_STDINT_H 1
| #define HAVE_UNISTD_H 1
| #define HAVE_DLFCN_H 1
| #define LT_OBJDIR ".libs/"
| #define HAVE_INT8_T 1
| #define HAVE_INT16_T 1
| #define HAVE_INT32_T 1
| #define HAVE_INT64_T 1
| #define HAVE_INTPTR_T 1
| #define HAVE_UINT8_T 1
| #define HAVE_UINT16_T 1
| #define HAVE_UINT32_T 1
| #define HAVE_UINT64_T 1
| #define HAVE_UINTPTR_T 1
| #define HAVE_SYS_TYPES_H 1
| #define HAVE_STDLIB_H 1
| #define HAVE_STDINT_H 1
| #define HAVE_INTTYPES_H 1
| #define HAVE_FDATASYNC 1
| #define HAVE_GMTIME_R 1
| #define HAVE_ISNAN 1
| #define HAVE_LOCALTIME_R 1
| /* end confdefs.h.  */
| /* Define strchrnul to an innocuous variant, in case <limits.h> declares strchrnul.
|    For example, HP-UX 11i <limits.h> declares gettimeofday.  */
| #define strchrnul innocuous_strchrnul
| 
| /* System header to define __stub macros and hopefully few prototypes,
|     which can conflict with char strchrnul (); below.
|     Prefer <limits.h> to <assert.h> if __STDC__ is defined, since
|     <limits.h> exists even on freestanding compilers.  */
| 
| #ifdef __STDC__
| # include <limits.h>
| #else
| # include <assert.h>
| #endif
| 
| #undef strchrnul
| 
| /* Override any GCC internal prototype to avoid an error.
|    Use char because int might match the return type of a GCC
|    builtin and then its argument prototype would still apply.  */
| #ifdef __cplusplus
| extern "C"
| #endif
| char strchrnul ();
| /* The GNU C library defines this for functions which it implements
|     to always fail with ENOSYS.  Some functions are actually named
|     something starting with __ and the normal name is an alias.  */
| #if defined __stub_strchrnul || defined __stub___strchrnul
| choke me
| #endif
| 
| int
| main ()
| {
| return strchrnul ();
|   ;
|   return 0;
| }
configure:10301: result: no
configure:10301: checking for usleep
configure:10301: gcc -o conftest -DSQLITE_ENABLE_FTS3     -DSQLITE_ENABLE_FTS3_PARENTHESIS     -DSQLITE_ENABLE_FTS4     -DSQLITE_ENABLE_FTS5     -DSQLITE_ENABLE_JSON1     -DSQLITE_ENABLE_LOAD_EXTENSION     -DSQLITE_ENABLE_RTREE     -DSQLITE_ENABLE_STAT4     -DSQLITE_ENABLE_UPDATE_DELETE_LIMIT     -DSQLITE_SOUNDEX     -DSQLITE_TEMP_STORE=3     -DSQLITE_USE_URI     -O2     -fPIC   conftest.c -lm >&5
configure:10301: $? = 0
configure:10301: result: yes
configure:10301: checking for utime
configure:10301: gcc -o conftest -DSQLITE_ENABLE_FTS3     -DSQLITE_ENABLE_FTS3_PARENTHESIS     -DSQLITE_ENABLE_FTS4     -DSQLITE_ENABLE_FTS5     -DSQLITE_ENABLE_JSON1     -DSQLITE_ENABLE_LOAD_EXTENSION     -DSQLITE_ENABLE_RTREE     -DSQLITE_ENABLE_STAT4     -DSQLITE_ENABLE_UPDATE_DELETE_LIMIT     -DSQLITE_SOUNDEX     -DSQLITE_TEMP_STORE=3     -DSQLITE_USE_URI     -O2     -fPIC   conftest.c -lm >&5
configure:10301: $? = 0
configure:10301: result: yes
configure:10301: checking for pread
configure:10301: gcc -o conftest -DSQLITE_ENABLE_FTS3     -DSQLITE_ENABLE_FTS3_PARENTHESIS     -DSQLITE_ENABLE_FTS4     -DSQLITE_ENABLE_FTS5     -DSQLITE_ENABLE_JSON1     -DSQLITE_ENABLE_LOAD_EXTENSION     -DSQLITE_ENABLE_RTREE     -DSQLITE_ENABLE_STAT4     -DSQLITE_ENABLE_UPDATE_DELETE_LIMIT     -DSQLITE_SOUNDEX     -DSQLITE_TEMP_STORE=3     -DSQLITE_USE_URI     -O2     -fPIC   conftest.c -lm >&5
configure:10301: $? = 0
configure:10301: result: yes
configure:10301: checking for pread64
configure:10301: gcc -o conftest -DSQLITE_ENABLE_FTS3     -DSQLITE_ENABLE_FTS3_PARENTHESIS     -DSQLITE_ENABLE_FTS4     -DSQLITE_ENABLE_FTS5     -DSQLITE_ENABLE_JSON1     -DSQLITE_ENABLE_LOAD_EXTENSION     -DSQLITE_ENABLE_RTREE     -DSQLITE_ENABLE_STAT4     -DSQLITE_ENABLE_UPDATE_DELETE_LIMIT     -DSQLITE_SOUNDEX     -DSQLITE_TEMP_STORE=3     -DSQLITE_USE_URI     -O2     -fPIC   conftest.c -lm >&5
Undefined symbols for architecture arm64:
  "_pread64", referenced from:
      _main in conftest-2eac1b.o
ld: symbol(s) not found for architecture arm64
clang: error: linker command failed with exit code 1 (use -v to see invocation)
configure:10301: $? = 1
configure: failed program was:
| /* confdefs.h */
| #define PACKAGE_NAME "sqlite"
| #define PACKAGE_TARNAME "sqlite"
| #define PACKAGE_VERSION "3.44.0"
| #define PACKAGE_STRING "sqlite 3.44.0"
| #define PACKAGE_BUGREPORT ""
| #define PACKAGE_URL ""
| #define STDC_HEADERS 1
| #define HAVE_SYS_TYPES_H 1
| #define HAVE_SYS_STAT_H 1
| #define HAVE_STDLIB_H 1
| #define HAVE_STRING_H 1
| #define HAVE_MEMORY_H 1
| #define HAVE_STRINGS_H 1
| #define HAVE_INTTYPES_H 1
| #define HAVE_STDINT_H 1
| #define HAVE_UNISTD_H 1
| #define HAVE_DLFCN_H 1
| #define LT_OBJDIR ".libs/"
| #define HAVE_INT8_T 1
| #define HAVE_INT16_T 1
| #define HAVE_INT32_T 1
| #define HAVE_INT64_T 1
| #define HAVE_INTPTR_T 1
| #define HAVE_UINT8_T 1
| #define HAVE_UINT16_T 1
| #define HAVE_UINT32_T 1
| #define HAVE_UINT64_T 1
| #define HAVE_UINTPTR_T 1
| #define HAVE_SYS_TYPES_H 1
| #define HAVE_STDLIB_H 1
| #define HAVE_STDINT_H 1
| #define HAVE_INTTYPES_H 1
| #define HAVE_FDATASYNC 1
| #define HAVE_GMTIME_R 1
| #define HAVE_ISNAN 1
| #define HAVE_LOCALTIME_R 1
| #define HAVE_USLEEP 1
| #define HAVE_UTIME 1
| #define HAVE_PREAD 1
| /* end confdefs.h.  */
| /* Define pread64 to an innocuous variant, in case <limits.h> declares pread64.
|    For example, HP-UX 11i <limits.h> declares gettimeofday.  */
| #define pread64 innocuous_pread64
| 
| /* System header to define __stub macros and hopefully few prototypes,
|     which can conflict with char pread64 (); below.
|     Prefer <limits.h> to <assert.h> if __STDC__ is defined, since
|     <limits.h> exists even on freestanding compilers.  */
| 
| #ifdef __STDC__
| # include <limits.h>
| #else
| # include <assert.h>
| #endif
| 
| #undef pread64
| 
| /* Override any GCC internal prototype to avoid an error.
|    Use char because int might match the return type of a GCC
|    builtin and then its argument prototype would still apply.  */
| #ifdef __cplusplus
| extern "C"
| #endif
| char pread64 ();
| /* The GNU C library defines this for functions which it implements
|     to always fail with ENOSYS.  Some functions are actually named
|     something starting with __ and the normal name is an alias.  */
| #if defined __stub_pread64 || defined __stub___pread64
| choke me
| #endif
| 
| int
| main ()
| {
| return pread64 ();
|   ;
|   return 0;
| }
configure:10301: result: no
configure:10301: checking for pwrite
configure:10301: gcc -o conftest -DSQLITE_ENABLE_FTS3     -DSQLITE_ENABLE_FTS3_PARENTHESIS     -DSQLITE_ENABLE_FTS4     -DSQLITE_ENABLE_FTS5     -DSQLITE_ENABLE_JSON1     -DSQLITE_ENABLE_LOAD_EXTENSION     -DSQLITE_ENABLE_RTREE     -DSQLITE_ENABLE_STAT4     -DSQLITE_ENABLE_UPDATE_DELETE_LIMIT     -DSQLITE_SOUNDEX     -DSQLITE_TEMP_STORE=3     -DSQLITE_USE_URI     -O2     -fPIC   conftest.c -lm >&5
configure:10301: $? = 0
configure:10301: result: yes
configure:10301: checking for pwrite64
configure:10301: gcc -o conftest -DSQLITE_ENABLE_FTS3     -DSQLITE_ENABLE_FTS3_PARENTHESIS     -DSQLITE_ENABLE_FTS4     -DSQLITE_ENABLE_FTS5     -DSQLITE_ENABLE_JSON1     -DSQLITE_ENABLE_LOAD_EXTENSION     -DSQLITE_ENABLE_RTREE     -DSQLITE_ENABLE_STAT4     -DSQLITE_ENABLE_UPDATE_DELETE_LIMIT     -DSQLITE_SOUNDEX     -DSQLITE_TEMP_STORE=3     -DSQLITE_USE_URI     -O2     -fPIC   conftest.c -lm >&5
Undefined symbols for architecture arm64:
  "_pwrite64", referenced from:
      _main in conftest-a4086e.o
ld: symbol(s) not found for architecture arm64
clang: error: linker command failed with exit code 1 (use -v to see invocation)
configure:10301: $? = 1
configure: failed program was:
| /* confdefs.h */
| #define PACKAGE_NAME "sqlite"
| #define PACKAGE_TARNAME "sqlite"
| #define PACKAGE_VERSION "3.44.0"
| #define PACKAGE_STRING "sqlite 3.44.0"
| #define PACKAGE_BUGREPORT ""
| #define PACKAGE_URL ""
| #define STDC_HEADERS 1
| #define HAVE_SYS_TYPES_H 1
| #define HAVE_SYS_STAT_H 1
| #define HAVE_STDLIB_H 1
| #define HAVE_STRING_H 1
| #define HAVE_MEMORY_H 1
| #define HAVE_STRINGS_H 1
| #define HAVE_INTTYPES_H 1
| #define HAVE_STDINT_H 1
| #define HAVE_UNISTD_H 1
| #define HAVE_DLFCN_H 1
| #define LT_OBJDIR ".libs/"
| #define HAVE_INT8_T 1
| #define HAVE_INT16_T 1
| #define HAVE_INT32_T 1
| #define HAVE_INT64_T 1
| #define HAVE_INTPTR_T 1
| #define HAVE_UINT8_T 1
| #define HAVE_UINT16_T 1
| #define HAVE_UINT32_T 1
| #define HAVE_UINT64_T 1
| #define HAVE_UINTPTR_T 1
| #define HAVE_SYS_TYPES_H 1
| #define HAVE_STDLIB_H 1
| #define HAVE_STDINT_H 1
| #define HAVE_INTTYPES_H 1
| #define HAVE_FDATASYNC 1
| #define HAVE_GMTIME_R 1
| #define HAVE_ISNAN 1
| #define HAVE_LOCALTIME_R 1
| #define HAVE_USLEEP 1
| #define HAVE_UTIME 1
| #define HAVE_PREAD 1
| #define HAVE_PWRITE 1
| /* end confdefs.h.  */
| /* Define pwrite64 to an innocuous variant, in case <limits.h> declares pwrite64.
|    For example, HP-UX 11i <limits.h> declares gettimeofday.  */
| #define pwrite64 innocuous_pwrite64
| 
| /* System header to define __stub macros and hopefully few prototypes,
|     which can conflict with char pwrite64 (); below.
|     Prefer <limits.h> to <assert.h> if __STDC__ is defined, since
|     <limits.h> exists even on freestanding compilers.  */
| 
| #ifdef __STDC__
| # include <limits.h>
| #else
| # include <assert.h>
| #endif
| 
| #undef pwrite64
| 
| /* Override any GCC internal prototype to avoid an error.
|    Use char because int might match the return type of a GCC
|    builtin and then its argument prototype would still apply.  */
| #ifdef __cplusplus
| extern "C"
| #endif
| char pwrite64 ();
| /* The GNU C library defines this for functions which it implements
|     to always fail with ENOSYS.  Some functions are actually named
|     something starting with __ and the normal name is an alias.  */
| #if defined __stub_pwrite64 || defined __stub___pwrite64
| choke me
| #endif
| 
| int
| main ()
| {
| return pwrite64 ();
|   ;
|   return 0;
| }
configure:10301: result: no
configure:10325: checking for tclsh8.7
configure:10355: result: no
configure:10325: checking for tclsh8.6
configure:10341: found /Users/nguyenngocanh/opt/anaconda3/envs/test/bin/tclsh8.6
configure:10352: result: tclsh8.6
configure:10395: Version set to 3.44
configure:10399: Release set to 3.44.0
configure:10414: checking for WASI SDK directory
configure:10436: result: no
configure:10531: checking whether to support threadsafe operation
configure:10539: result: yes
configure:10545: checking for library containing pthread_create
configure:10576: gcc -o conftest -DSQLITE_ENABLE_FTS3     -DSQLITE_ENABLE_FTS3_PARENTHESIS     -DSQLITE_ENABLE_FTS4     -DSQLITE_ENABLE_FTS5     -DSQLITE_ENABLE_JSON1     -DSQLITE_ENABLE_LOAD_EXTENSION     -DSQLITE_ENABLE_RTREE     -DSQLITE_ENABLE_STAT4     -DSQLITE_ENABLE_UPDATE_DELETE_LIMIT     -DSQLITE_SOUNDEX     -DSQLITE_TEMP_STORE=3     -DSQLITE_USE_URI     -O2     -fPIC   conftest.c -lm >&5
configure:10576: $? = 0
configure:10593: result: none required
configure:10601: checking for library containing pthread_mutexattr_init
configure:10632: gcc -o conftest -DSQLITE_ENABLE_FTS3     -DSQLITE_ENABLE_FTS3_PARENTHESIS     -DSQLITE_ENABLE_FTS4     -DSQLITE_ENABLE_FTS5     -DSQLITE_ENABLE_JSON1     -DSQLITE_ENABLE_LOAD_EXTENSION     -DSQLITE_ENABLE_RTREE     -DSQLITE_ENABLE_STAT4     -DSQLITE_ENABLE_UPDATE_DELETE_LIMIT     -DSQLITE_SOUNDEX     -DSQLITE_TEMP_STORE=3     -DSQLITE_USE_URI     -O2     -fPIC   conftest.c -lm >&5
configure:10632: $? = 0
configure:10649: result: none required
configure:10669: checking whether to support shared library linked as release mode or not
configure:10673: result: no
configure:10692: checking whether to use an in-ram database for temporary tables
configure:10712: result: always
configure:10729: checking if executables have the .exe suffix
configure:10736: result: unknown
configure:11006: checking for library containing readline
configure:11037: gcc -o conftest -DSQLITE_ENABLE_FTS3     -DSQLITE_ENABLE_FTS3_PARENTHESIS     -DSQLITE_ENABLE_FTS4     -DSQLITE_ENABLE_FTS5     -DSQLITE_ENABLE_JSON1     -DSQLITE_ENABLE_LOAD_EXTENSION     -DSQLITE_ENABLE_RTREE     -DSQLITE_ENABLE_STAT4     -DSQLITE_ENABLE_UPDATE_DELETE_LIMIT     -DSQLITE_SOUNDEX     -DSQLITE_TEMP_STORE=3     -DSQLITE_USE_URI     -O2     -fPIC -DSQLITE_OS_UNIX=1   conftest.c  >&5
Undefined symbols for architecture arm64:
  "_readline", referenced from:
      _main in conftest-b5301f.o
ld: symbol(s) not found for architecture arm64
clang: error: linker command failed with exit code 1 (use -v to see invocation)
configure:11037: $? = 1
configure: failed program was:
| /* confdefs.h */
| #define PACKAGE_NAME "sqlite"
| #define PACKAGE_TARNAME "sqlite"
| #define PACKAGE_VERSION "3.44.0"
| #define PACKAGE_STRING "sqlite 3.44.0"
| #define PACKAGE_BUGREPORT ""
| #define PACKAGE_URL ""
| #define STDC_HEADERS 1
| #define HAVE_SYS_TYPES_H 1
| #define HAVE_SYS_STAT_H 1
| #define HAVE_STDLIB_H 1
| #define HAVE_STRING_H 1
| #define HAVE_MEMORY_H 1
| #define HAVE_STRINGS_H 1
| #define HAVE_INTTYPES_H 1
| #define HAVE_STDINT_H 1
| #define HAVE_UNISTD_H 1
| #define HAVE_DLFCN_H 1
| #define LT_OBJDIR ".libs/"
| #define HAVE_INT8_T 1
| #define HAVE_INT16_T 1
| #define HAVE_INT32_T 1
| #define HAVE_INT64_T 1
| #define HAVE_INTPTR_T 1
| #define HAVE_UINT8_T 1
| #define HAVE_UINT16_T 1
| #define HAVE_UINT32_T 1
| #define HAVE_UINT64_T 1
| #define HAVE_UINTPTR_T 1
| #define HAVE_SYS_TYPES_H 1
| #define HAVE_STDLIB_H 1
| #define HAVE_STDINT_H 1
| #define HAVE_INTTYPES_H 1
| #define HAVE_FDATASYNC 1
| #define HAVE_GMTIME_R 1
| #define HAVE_ISNAN 1
| #define HAVE_LOCALTIME_R 1
| #define HAVE_USLEEP 1
| #define HAVE_UTIME 1
| #define HAVE_PREAD 1
| #define HAVE_PWRITE 1
| /* end confdefs.h.  */
| 
| /* Override any GCC internal prototype to avoid an error.
|    Use char because int might match the return type of a GCC
|    builtin and then its argument prototype would still apply.  */
| #ifdef __cplusplus
| extern "C"
| #endif
| char readline ();
| int
| main ()
| {
| return readline ();
|   ;
|   return 0;
| }
configure:11037: gcc -o conftest -DSQLITE_ENABLE_FTS3     -DSQLITE_ENABLE_FTS3_PARENTHESIS     -DSQLITE_ENABLE_FTS4     -DSQLITE_ENABLE_FTS5     -DSQLITE_ENABLE_JSON1     -DSQLITE_ENABLE_LOAD_EXTENSION     -DSQLITE_ENABLE_RTREE     -DSQLITE_ENABLE_STAT4     -DSQLITE_ENABLE_UPDATE_DELETE_LIMIT     -DSQLITE_SOUNDEX     -DSQLITE_TEMP_STORE=3     -DSQLITE_USE_URI     -O2     -fPIC -DSQLITE_OS_UNIX=1   conftest.c -ledit   >&5
configure:11037: $? = 0
configure:11054: result: -ledit
configure:11281: checking for library containing fdatasync
configure:11312: gcc -o conftest -DSQLITE_ENABLE_FTS3     -DSQLITE_ENABLE_FTS3_PARENTHESIS     -DSQLITE_ENABLE_FTS4     -DSQLITE_ENABLE_FTS5     -DSQLITE_ENABLE_JSON1     -DSQLITE_ENABLE_LOAD_EXTENSION     -DSQLITE_ENABLE_RTREE     -DSQLITE_ENABLE_STAT4     -DSQLITE_ENABLE_UPDATE_DELETE_LIMIT     -DSQLITE_SOUNDEX     -DSQLITE_TEMP_STORE=3     -DSQLITE_USE_URI     -O2     -fPIC -DSQLITE_OS_UNIX=1   conftest.c -lm >&5
configure:11312: $? = 0
configure:11329: result: none required
configure:11345: checking build type
configure:11353: result: release
configure:11375: checking zlib.h usability
configure:11375: gcc -c -DSQLITE_ENABLE_FTS3     -DSQLITE_ENABLE_FTS3_PARENTHESIS     -DSQLITE_ENABLE_FTS4     -DSQLITE_ENABLE_FTS5     -DSQLITE_ENABLE_JSON1     -DSQLITE_ENABLE_LOAD_EXTENSION     -DSQLITE_ENABLE_RTREE     -DSQLITE_ENABLE_STAT4     -DSQLITE_ENABLE_UPDATE_DELETE_LIMIT     -DSQLITE_SOUNDEX     -DSQLITE_TEMP_STORE=3     -DSQLITE_USE_URI     -O2     -fPIC -DSQLITE_OS_UNIX=1  conftest.c >&5
configure:11375: $? = 0
configure:11375: result: yes
configure:11375: checking zlib.h presence
configure:11375: gcc -E  conftest.c
configure:11375: $? = 0
configure:11375: result: yes
configure:11375: checking for zlib.h
configure:11375: result: yes
configure:11385: checking for library containing deflate
configure:11416: gcc -o conftest -DSQLITE_ENABLE_FTS3     -DSQLITE_ENABLE_FTS3_PARENTHESIS     -DSQLITE_ENABLE_FTS4     -DSQLITE_ENABLE_FTS5     -DSQLITE_ENABLE_JSON1     -DSQLITE_ENABLE_LOAD_EXTENSION     -DSQLITE_ENABLE_RTREE     -DSQLITE_ENABLE_STAT4     -DSQLITE_ENABLE_UPDATE_DELETE_LIMIT     -DSQLITE_SOUNDEX     -DSQLITE_TEMP_STORE=3     -DSQLITE_USE_URI     -O2     -fPIC -DSQLITE_OS_UNIX=1   conftest.c -lm >&5
Undefined symbols for architecture arm64:
  "_deflate", referenced from:
      _main in conftest-78d632.o
ld: symbol(s) not found for architecture arm64
clang: error: linker command failed with exit code 1 (use -v to see invocation)
configure:11416: $? = 1
configure: failed program was:
| /* confdefs.h */
| #define PACKAGE_NAME "sqlite"
| #define PACKAGE_TARNAME "sqlite"
| #define PACKAGE_VERSION "3.44.0"
| #define PACKAGE_STRING "sqlite 3.44.0"
| #define PACKAGE_BUGREPORT ""
| #define PACKAGE_URL ""
| #define STDC_HEADERS 1
| #define HAVE_SYS_TYPES_H 1
| #define HAVE_SYS_STAT_H 1
| #define HAVE_STDLIB_H 1
| #define HAVE_STRING_H 1
| #define HAVE_MEMORY_H 1
| #define HAVE_STRINGS_H 1
| #define HAVE_INTTYPES_H 1
| #define HAVE_STDINT_H 1
| #define HAVE_UNISTD_H 1
| #define HAVE_DLFCN_H 1
| #define LT_OBJDIR ".libs/"
| #define HAVE_INT8_T 1
| #define HAVE_INT16_T 1
| #define HAVE_INT32_T 1
| #define HAVE_INT64_T 1
| #define HAVE_INTPTR_T 1
| #define HAVE_UINT8_T 1
| #define HAVE_UINT16_T 1
| #define HAVE_UINT32_T 1
| #define HAVE_UINT64_T 1
| #define HAVE_UINTPTR_T 1
| #define HAVE_SYS_TYPES_H 1
| #define HAVE_STDLIB_H 1
| #define HAVE_STDINT_H 1
| #define HAVE_INTTYPES_H 1
| #define HAVE_FDATASYNC 1
| #define HAVE_GMTIME_R 1
| #define HAVE_ISNAN 1
| #define HAVE_LOCALTIME_R 1
| #define HAVE_USLEEP 1
| #define HAVE_UTIME 1
| #define HAVE_PREAD 1
| #define HAVE_PWRITE 1
| #define HAVE_ZLIB_H 1
| /* end confdefs.h.  */
| 
| /* Override any GCC internal prototype to avoid an error.
|    Use char because int might match the return type of a GCC
|    builtin and then its argument prototype would still apply.  */
| #ifdef __cplusplus
| extern "C"
| #endif
| char deflate ();
| int
| main ()
| {
| return deflate ();
|   ;
|   return 0;
| }
configure:11416: gcc -o conftest -DSQLITE_ENABLE_FTS3     -DSQLITE_ENABLE_FTS3_PARENTHESIS     -DSQLITE_ENABLE_FTS4     -DSQLITE_ENABLE_FTS5     -DSQLITE_ENABLE_JSON1     -DSQLITE_ENABLE_LOAD_EXTENSION     -DSQLITE_ENABLE_RTREE     -DSQLITE_ENABLE_STAT4     -DSQLITE_ENABLE_UPDATE_DELETE_LIMIT     -DSQLITE_SOUNDEX     -DSQLITE_TEMP_STORE=3     -DSQLITE_USE_URI     -O2     -fPIC -DSQLITE_OS_UNIX=1   conftest.c -lz  -lm >&5
configure:11416: $? = 0
configure:11433: result: -lz
configure:11456: checking for library containing dlopen
configure:11487: gcc -o conftest -DSQLITE_ENABLE_FTS3     -DSQLITE_ENABLE_FTS3_PARENTHESIS     -DSQLITE_ENABLE_FTS4     -DSQLITE_ENABLE_FTS5     -DSQLITE_ENABLE_JSON1     -DSQLITE_ENABLE_LOAD_EXTENSION     -DSQLITE_ENABLE_RTREE     -DSQLITE_ENABLE_STAT4     -DSQLITE_ENABLE_UPDATE_DELETE_LIMIT     -DSQLITE_SOUNDEX     -DSQLITE_TEMP_STORE=3     -DSQLITE_USE_URI     -O2     -fPIC -DSQLITE_OS_UNIX=1   conftest.c -lz -lm >&5
configure:11487: $? = 0
configure:11504: result: none required
configure:11524: checking whether to support math functions
configure:11530: result: yes
configure:11533: checking for library containing ceil
configure:11564: gcc -o conftest -DSQLITE_ENABLE_FTS3     -DSQLITE_ENABLE_FTS3_PARENTHESIS     -DSQLITE_ENABLE_FTS4     -DSQLITE_ENABLE_FTS5     -DSQLITE_ENABLE_JSON1     -DSQLITE_ENABLE_LOAD_EXTENSION     -DSQLITE_ENABLE_RTREE     -DSQLITE_ENABLE_STAT4     -DSQLITE_ENABLE_UPDATE_DELETE_LIMIT     -DSQLITE_SOUNDEX     -DSQLITE_TEMP_STORE=3     -DSQLITE_USE_URI     -O2     -fPIC -DSQLITE_OS_UNIX=1   conftest.c -lz -lm >&5
conftest.c:51:6: warning: incompatible redeclaration of library function 'ceil' [-Wincompatible-library-redeclaration]
char ceil ();
     ^
conftest.c:51:6: note: 'ceil' is a builtin with type 'double (double)'
1 warning generated.
configure:11564: $? = 0
configure:11581: result: none required
configure:11599: checking whether to support JSON functions
configure:11606: result: yes
configure:11627: checking whether to support MEMSYS5
configure:11634: result: no
configure:11642: checking whether to support MEMSYS3
configure:11649: result: no
configure:11660: checking whether to support FTS3
configure:11667: result: no
configure:11675: checking whether to support FTS4
configure:11738: result: no
configure:11746: checking whether to support FTS5
configure:11809: result: no
configure:11821: checking whether to support LIMIT on UPDATE and DELETE statements
configure:11828: result: no
configure:11841: checking whether to support GEOPOLY
configure:11849: result: no
configure:11860: checking whether to support RTREE
configure:11867: result: no
configure:11878: checking whether to support SESSION
configure:11886: result: no
configure:12092: creating ./config.status

## ---------------------- ##
## Running config.status. ##
## ---------------------- ##

This file was extended by sqlite config.status 3.44.0, which was
generated by GNU Autoconf 2.69.  Invocation command line was

  CONFIG_FILES    = 
  CONFIG_HEADERS  = 
  CONFIG_LINKS    = 
  CONFIG_COMMANDS = 
  $ ./config.status 

on nguyenngocanhs-MacBook-Pro.local

config.status:1083: creating Makefile
config.status:1083: creating sqlite3.pc
config.status:1083: creating sqlite_cfg.h
config.status:1272: executing libtool commands

## ---------------- ##
## Cache variables. ##
## ---------------- ##

ac_cv_build=arm-apple-darwin22.6.0
ac_cv_c_compiler_gnu=yes
ac_cv_env_CC_set=
ac_cv_env_CC_value=
ac_cv_env_CFLAGS_set=set
ac_cv_env_CFLAGS_value='-DSQLITE_ENABLE_FTS3     -DSQLITE_ENABLE_FTS3_PARENTHESIS     -DSQLITE_ENABLE_FTS4     -DSQLITE_ENABLE_FTS5     -DSQLITE_ENABLE_JSON1     -DSQLITE_ENABLE_LOAD_EXTENSION     -DSQLITE_ENABLE_RTREE     -DSQLITE_ENABLE_STAT4     -DSQLITE_ENABLE_UPDATE_DELETE_LIMIT     -DSQLITE_SOUNDEX     -DSQLITE_TEMP_STORE=3     -DSQLITE_USE_URI     -O2     -fPIC'
ac_cv_env_CPPFLAGS_set=
ac_cv_env_CPPFLAGS_value=
ac_cv_env_CPP_set=
ac_cv_env_CPP_value=
ac_cv_env_LDFLAGS_set=
ac_cv_env_LDFLAGS_value=
ac_cv_env_LIBS_set=set
ac_cv_env_LIBS_value=-lm
ac_cv_env_TCLLIBDIR_set=
ac_cv_env_TCLLIBDIR_value=
ac_cv_env_build_alias_set=
ac_cv_env_build_alias_value=
ac_cv_env_host_alias_set=
ac_cv_env_host_alias_value=
ac_cv_env_target_alias_set=
ac_cv_env_target_alias_value=
ac_cv_func_fdatasync=yes
ac_cv_func_gmtime_r=yes
ac_cv_func_isnan=yes
ac_cv_func_localtime_r=yes
ac_cv_func_localtime_s=no
ac_cv_func_malloc_usable_size=no
ac_cv_func_pread64=no
ac_cv_func_pread=yes
ac_cv_func_pwrite64=no
ac_cv_func_pwrite=yes
ac_cv_func_strchrnul=no
ac_cv_func_usleep=yes
ac_cv_func_utime=yes
ac_cv_header_dlfcn_h=yes
ac_cv_header_inttypes_h=yes
ac_cv_header_malloc_h=no
ac_cv_header_memory_h=yes
ac_cv_header_stdc=yes
ac_cv_header_stdint_h=yes
ac_cv_header_stdlib_h=yes
ac_cv_header_string_h=yes
ac_cv_header_strings_h=yes
ac_cv_header_sys_stat_h=yes
ac_cv_header_sys_types_h=yes
ac_cv_header_unistd_h=yes
ac_cv_header_zlib_h=yes
ac_cv_host=arm-apple-darwin22.6.0
ac_cv_objext=o
ac_cv_path_EGREP='/usr/bin/grep -E'
ac_cv_path_FGREP='/usr/bin/grep -F'
ac_cv_path_GREP=/usr/bin/grep
ac_cv_path_SED=/usr/bin/sed
ac_cv_path_install='/opt/homebrew/bin/ginstall -c'
ac_cv_prog_CPP='gcc -E'
ac_cv_prog_TCLSH_CMD=tclsh8.6
ac_cv_prog_ac_ct_AR=ar
ac_cv_prog_ac_ct_CC=gcc
ac_cv_prog_ac_ct_DSYMUTIL=dsymutil
ac_cv_prog_ac_ct_LIPO=lipo
ac_cv_prog_ac_ct_NMEDIT=nmedit
ac_cv_prog_ac_ct_OBJDUMP=objdump
ac_cv_prog_ac_ct_OTOOL=otool
ac_cv_prog_ac_ct_RANLIB=ranlib
ac_cv_prog_ac_ct_STRIP=strip
ac_cv_prog_cc_c89=
ac_cv_prog_cc_g=yes
ac_cv_search_ceil='none required'
ac_cv_search_deflate=-lz
ac_cv_search_dlopen='none required'
ac_cv_search_fdatasync='none required'
ac_cv_search_pthread_create='none required'
ac_cv_search_pthread_mutexattr_init='none required'
ac_cv_search_readline=-ledit
ac_cv_sys_file_offset_bits=no
ac_cv_sys_largefile_CC=no
ac_cv_type_int16_t=yes
ac_cv_type_int32_t=yes
ac_cv_type_int64_t=yes
ac_cv_type_int8_t=yes
ac_cv_type_intptr_t=yes
ac_cv_type_uint16_t=yes
ac_cv_type_uint32_t=yes
ac_cv_type_uint64_t=yes
ac_cv_type_uint8_t=yes
ac_cv_type_uintptr_t=yes
lt_cv_apple_cc_single_mod=yes
lt_cv_deplibs_check_method=pass_all
lt_cv_file_magic_cmd='$MAGIC_CMD'
lt_cv_file_magic_test_file=
lt_cv_ld_exported_symbols_list=yes
lt_cv_ld_reload_flag=-r
lt_cv_nm_interface='BSD nm'
lt_cv_objdir=.libs
lt_cv_path_LD=/Library/Developer/CommandLineTools/usr/bin/ld
lt_cv_path_NM='/usr/bin/nm -B'
lt_cv_prog_compiler_c_o=yes
lt_cv_prog_compiler_pic_works=yes
lt_cv_prog_compiler_rtti_exceptions=yes
lt_cv_prog_compiler_static_works=no
lt_cv_prog_gnu_ld=no
lt_cv_sys_global_symbol_pipe='sed -n -e '\''s/^.*[	 ]\([ABCDGIRSTW][ABCDGIRSTW]*\)[	 ][	 ]*_\([_A-Za-z][_A-Za-z0-9]*\)$/\1 _\2 \2/p'\'''
lt_cv_sys_global_symbol_to_c_name_address='sed -n -e '\''s/^: \([^ ]*\) $/  {\"\1\", (void *) 0},/p'\'' -e '\''s/^[ABCDGIRSTW]* \([^ ]*\) \([^ ]*\)$/  {"\2", (void *) \&\2},/p'\'''
lt_cv_sys_global_symbol_to_c_name_address_lib_prefix='sed -n -e '\''s/^: \([^ ]*\) $/  {\"\1\", (void *) 0},/p'\'' -e '\''s/^[ABCDGIRSTW]* \([^ ]*\) \(lib[^ ]*\)$/  {"\2", (void *) \&\2},/p'\'' -e '\''s/^[ABCDGIRSTW]* \([^ ]*\) \([^ ]*\)$/  {"lib\2", (void *) \&\2},/p'\'''
lt_cv_sys_global_symbol_to_cdecl='sed -n -e '\''s/^T .* \(.*\)$/extern int \1();/p'\'' -e '\''s/^[ABCDGIRSTW]* .* \(.*\)$/extern char \1;/p'\'''
lt_cv_sys_max_cmd_len=786432

## ----------------- ##
## Output variables. ##
## ----------------- ##

ALLOWRELEASE=''
AMALGAMATION_LINE_MACROS='--linemacros=0'
AR='ar'
BUILD_CC='gcc'
BUILD_CFLAGS=' -DSQLITE_SOUNDEX -DSQLITE_TEMP_STORE=3 -DSQLITE_USE_URI -O2 -fPIC'
BUILD_EXEEXT=''
CC='gcc'
CFLAGS=' -DSQLITE_SOUNDEX -DSQLITE_TEMP_STORE=3 -DSQLITE_USE_URI -O2 -fPIC -DSQLITE_OS_UNIX=1'
CPP='gcc -E'
CPPFLAGS=''
DEFS='-DHAVE_CONFIG_H'
DSYMUTIL='dsymutil'
DUMPBIN=''
ECHO_C='\c'
ECHO_N=''
ECHO_T=''
EGREP='/usr/bin/grep -E'
EXEEXT=''
FGREP='/usr/bin/grep -F'
GREP='/usr/bin/grep'
HAVE_TCL=''
HAVE_WASI_SDK=''
HAVE_ZLIB='-DSQLITE_HAVE_ZLIB=1'
INSTALL_DATA='${INSTALL} -m 644'
INSTALL_PROGRAM='${INSTALL}'
INSTALL_SCRIPT='${INSTALL}'
LD='/Library/Developer/CommandLineTools/usr/bin/ld'
LDFLAGS=''
LIBOBJS=''
LIBS='-lz -lm'
LIBTOOL='$(SHELL) $(top_builddir)/libtool'
LIPO='lipo'
LN_S='ln -s'
LTLIBOBJS=''
NM='/usr/bin/nm -B'
NMEDIT='nmedit'
OBJDUMP='objdump'
OBJEXT='o'
OPT_FEATURE_FLAGS=' -DSQLITE_ENABLE_MATH_FUNCTIONS -DSQLITE_ENABLE_FTS3 -DSQLITE_ENABLE_FTS3_PARENTHESIS -DSQLITE_ENABLE_FTS4 -DSQLITE_ENABLE_FTS5 -DSQLITE_ENABLE_JSON1 -DSQLITE_ENABLE_LOAD_EXTENSION -DSQLITE_ENABLE_RTREE -DSQLITE_ENABLE_STAT4 -DSQLITE_ENABLE_UPDATE_DELETE_LIMIT'
OTOOL64=':'
OTOOL='otool'
PACKAGE_BUGREPORT=''
PACKAGE_NAME='sqlite'
PACKAGE_STRING='sqlite 3.44.0'
PACKAGE_TARNAME='sqlite'
PACKAGE_URL=''
PACKAGE_VERSION='3.44.0'
PATH_SEPARATOR=':'
RANLIB='ranlib'
RELEASE='3.44.0'
SED='/usr/bin/sed'
SHELL='/bin/sh'
SQLITE_OS_UNIX='1'
SQLITE_OS_WIN='0'
SQLITE_THREADSAFE='1'
STRIP='strip'
TARGET_DEBUG='-DNDEBUG'
TARGET_EXEEXT=''
TARGET_HAVE_EDITLINE='1'
TARGET_HAVE_LINENOISE='0'
TARGET_HAVE_READLINE='0'
TARGET_READLINE_INC=''
TARGET_READLINE_LIBS='-ledit '
TCLLIBDIR='/Users/nguyenngocanh/opt/anaconda3/envs/test/lib/tcl8.6/sqlite3'
TCLSH_CMD='tclsh8.6'
TCL_BIN_DIR=''
TCL_INCLUDE_SPEC=''
TCL_LIB_FILE=''
TCL_LIB_FLAG=''
TCL_LIB_SPEC=''
TCL_SHLIB_SUFFIX=''
TCL_SRC_DIR=''
TCL_STUB_LIB_FILE=''
TCL_STUB_LIB_FLAG=''
TCL_STUB_LIB_SPEC=''
TCL_VERSION=''
TEMP_STORE='3'
USE_AMALGAMATION='1'
USE_GCOV='0'
VERSION='3.44'
ac_ct_CC='gcc'
ac_ct_DUMPBIN=''
bindir='${exec_prefix}/bin'
build='arm-apple-darwin22.6.0'
build_alias=''
build_cpu='arm'
build_os='darwin22.6.0'
build_vendor='apple'
datadir='${datarootdir}'
datarootdir='${prefix}/share'
docdir='${datarootdir}/doc/${PACKAGE_TARNAME}'
dvidir='${docdir}'
exec_prefix='${prefix}'
host='arm-apple-darwin22.6.0'
host_alias=''
host_cpu='arm'
host_os='darwin22.6.0'
host_vendor='apple'
htmldir='${docdir}'
includedir='${prefix}/include'
infodir='${datarootdir}/info'
libdir='${exec_prefix}/lib'
libexecdir='${exec_prefix}/libexec'
localedir='${datarootdir}/locale'
localstatedir='${prefix}/var'
lt_ECHO='/bin/echo'
mandir='${datarootdir}/man'
oldincludedir='/usr/include'
pdfdir='${docdir}'
prefix='/usr/local'
program_prefix=''
program_transform_name='s,x,x,'
psdir='${docdir}'
sbindir='${exec_prefix}/sbin'
sharedstatedir='${prefix}/com'
sysconfdir='${prefix}/etc'
target_alias=''

## ----------- ##
## confdefs.h. ##
## ----------- ##

/* confdefs.h */
#define PACKAGE_NAME "sqlite"
#define PACKAGE_TARNAME "sqlite"
#define PACKAGE_VERSION "3.44.0"
#define PACKAGE_STRING "sqlite 3.44.0"
#define PACKAGE_BUGREPORT ""
#define PACKAGE_URL ""
#define STDC_HEADERS 1
#define HAVE_SYS_TYPES_H 1
#define HAVE_SYS_STAT_H 1
#define HAVE_STDLIB_H 1
#define HAVE_STRING_H 1
#define HAVE_MEMORY_H 1
#define HAVE_STRINGS_H 1
#define HAVE_INTTYPES_H 1
#define HAVE_STDINT_H 1
#define HAVE_UNISTD_H 1
#define HAVE_DLFCN_H 1
#define LT_OBJDIR ".libs/"
#define HAVE_INT8_T 1
#define HAVE_INT16_T 1
#define HAVE_INT32_T 1
#define HAVE_INT64_T 1
#define HAVE_INTPTR_T 1
#define HAVE_UINT8_T 1
#define HAVE_UINT16_T 1
#define HAVE_UINT32_T 1
#define HAVE_UINT64_T 1
#define HAVE_UINTPTR_T 1
#define HAVE_SYS_TYPES_H 1
#define HAVE_STDLIB_H 1
#define HAVE_STDINT_H 1
#define HAVE_INTTYPES_H 1
#define HAVE_FDATASYNC 1
#define HAVE_GMTIME_R 1
#define HAVE_ISNAN 1
#define HAVE_LOCALTIME_R 1
#define HAVE_USLEEP 1
#define HAVE_UTIME 1
#define HAVE_PREAD 1
#define HAVE_PWRITE 1
#define HAVE_ZLIB_H 1

configure: exit 0
